# final_ball_mission debug log
# created 2026-04-17T18:31:42.236039
# elapsed_s  EVENT  fields...
#
# BM_START        x0 y0 heading
# BM_STATE        state_name
# BM_POSE         x y heading
# BM_BALL_DET     color cx cy r_px x_r y_r wx wy det_count
# BM_ARUCO        marker_id x_r y_r fnx fny rx ry hdg
# BM_POSE_CORRECT old_rx old_ry new_rx new_ry heading
# BM_PATH         n x1 y1 x2 y2 ...
# BM_REPLAN       reason eff_sx eff_sy n x1 y1 ...
# BM_PICKUP       color elapsed_s
# BM_DELIVER      color quadrant
# BM_DONE         1|0 elapsed_s
# BM_FRAME        filename label
#
0.0009 BM_START 0.0000 0.0000 0.0000
0.0014 BM_STATE SCAN
10.1103 BM_BALL_DET B 471.0000 286.0000 16.0000 0.9668 -0.1011 0.9668 -0.1011 1
10.2564 BM_ARUCO 15 1.7129 -0.3020 -0.9989 -0.0462 0.0000 0.0000 0.0000
10.2590 BM_ARUCO 12 1.7267 0.0438 -0.9785 0.2061 0.0000 0.0000 0.0000
10.2595 BM_POSE 0.0000 0.0000 0.0000
10.2607 BM_STATE NAVIGATE_TO_FIRST_BALL
10.2749 BM_PATH 4 0.0000 0.0000 1.0500 -0.4500 1.3500 -0.1500 1.2668 -0.1011
10.4054 BM_ARUCO 15 1.6899 -0.2967 -0.9231 0.3846 0.0080 -0.0000 -0.0897
10.4071 BM_ARUCO 12 1.7506 0.0443 -0.9922 0.1245 0.0080 -0.0000 -0.0897
10.7822 BM_POSE 0.0480 -0.0120 -0.4020
11.1496 BM_ARUCO 12 1.5854 0.6532 -0.9956 -0.0942 0.1010 -0.0350 -0.4244
11.1532 BM_ARUCO 15 1.6314 0.3084 -0.9926 -0.1214 0.1010 -0.0350 -0.4244
11.2842 BM_POSE 0.1200 -0.0440 -0.4200
11.4364 BM_ARUCO 12 1.5205 0.6742 -0.9998 -0.0183 0.1390 -0.0520 -0.4110
11.4404 BM_ARUCO 15 1.5817 0.3353 -0.9260 -0.3776 0.1390 -0.0520 -0.4110
11.7076 BM_ARUCO 12 1.4856 0.6533 -0.9998 -0.0175 0.1750 -0.0680 -0.4050
11.7113 BM_ARUCO 15 1.5352 0.3118 -0.9446 -0.3283 0.1750 -0.0680 -0.4050
11.7855 BM_POSE 0.1860 -0.0720 -0.4005
11.9934 BM_ARUCO 12 1.4509 0.6380 -0.9992 -0.0407 0.2140 -0.0840 -0.4035
11.9968 BM_ARUCO 15 1.5000 0.2968 -0.9562 -0.2929 0.2140 -0.0840 -0.4035
12.2691 BM_ARUCO 12 1.4306 0.6419 -0.9988 -0.0489 0.2520 -0.1000 -0.4080
12.2717 BM_ARUCO 15 1.4676 0.2950 -0.9101 -0.4144 0.2520 -0.1000 -0.4080
12.2859 BM_POSE 0.2540 -0.1020 -0.4095
12.5468 BM_ARUCO 12 1.3772 0.6359 -0.9999 -0.0157 0.2890 -0.1170 -0.4110
12.5513 BM_ARUCO 15 1.4337 0.2968 -0.9270 -0.3751 0.2890 -0.1170 -0.4110
12.7865 BM_POSE 0.3230 -0.1310 -0.4095
12.8405 BM_ARUCO 12 1.3278 0.6296 -0.9999 0.0149 0.3290 -0.1340 -0.4095
12.8443 BM_ARUCO 15 1.3830 0.2933 -0.9604 -0.2786 0.3290 -0.1340 -0.4095
13.1165 BM_ARUCO 12 1.3078 0.6397 -0.9998 -0.0191 0.3670 -0.1510 -0.4110
13.1209 BM_ARUCO 15 1.3550 0.2972 -0.9915 -0.1297 0.3670 -0.1510 -0.4110
13.2869 BM_POSE 0.3910 -0.1610 -0.4125
13.4003 BM_ARUCO 12 1.2623 0.6425 -1.0000 -0.0057 0.4050 -0.1670 -0.4140
13.4070 BM_ARUCO 15 1.2999 0.3004 -0.9966 -0.0830 0.4050 -0.1670 -0.4140
13.6838 BM_ARUCO 12 1.2322 0.6488 -0.9999 -0.0116 0.4450 -0.1850 -0.4125
13.6850 BM_ARUCO 15 1.2617 0.3032 -0.9868 -0.1621 0.4450 -0.1850 -0.4125
13.7890 BM_POSE 0.4590 -0.1910 -0.4140
13.9402 BM_ARUCO 12 1.1795 0.6457 -1.0000 -0.0016 0.4800 -0.2000 -0.4155
13.9426 BM_ARUCO 15 1.2138 0.3051 -0.9926 -0.1215 0.4800 -0.2000 -0.4155
14.2230 BM_ARUCO 15 1.1857 0.3137 -0.9225 -0.3859 0.5180 -0.2170 -0.4140
14.2252 BM_ARUCO 14 1.0070 0.4415 0.2793 -0.9602 0.5180 -0.2170 -0.4140
14.2910 BM_POSE 0.5280 -0.2210 -0.4155
14.5034 BM_ARUCO 15 1.1396 0.3114 -0.9512 -0.3085 0.5570 -0.2340 -0.4140
14.5075 BM_ARUCO 14 0.9951 0.4547 0.2550 -0.9669 0.5570 -0.2340 -0.4140
14.7891 BM_ARUCO 15 1.1028 0.3137 -0.9876 -0.1572 0.5960 -0.2510 -0.4140
14.7917 BM_POSE 0.5970 -0.2520 -0.4125
15.0580 BM_ARUCO 15 1.0583 0.3187 -0.9917 -0.1285 0.6330 -0.2670 -0.4140
15.2921 BM_POSE 0.6650 -0.2810 -0.4125
15.3173 BM_ARUCO 15 1.0129 0.3172 -0.9965 -0.0832 0.6680 -0.2830 -0.4125
15.3204 BM_ARUCO 14 0.8508 0.4474 0.2839 -0.9588 0.6680 -0.2830 -0.4125
15.5878 BM_ARUCO 15 0.9897 0.3241 -0.9864 -0.1643 0.7040 -0.2990 -0.4110
15.7933 BM_POSE 0.7330 -0.3110 -0.4140
15.8845 BM_ARUCO 15 0.9380 0.3183 -0.9945 -0.1047 0.7460 -0.3170 -0.4125
15.8879 BM_ARUCO 14 0.7805 0.4497 0.2680 -0.9634 0.7460 -0.3170 -0.4125
16.1700 BM_ARUCO 15 0.9020 0.3214 -0.9921 -0.1258 0.7850 -0.3340 -0.4140
16.2936 BM_POSE 0.8020 -0.3410 -0.4110
16.4471 BM_ARUCO 15 0.8624 0.3225 -0.9958 -0.0920 0.8220 -0.3500 -0.4125
16.7197 BM_ARUCO 15 0.8221 0.3204 -0.9976 -0.0695 0.8590 -0.3660 -0.4125
16.7944 BM_POSE 0.8710 -0.3720 -0.4140
16.9786 BM_ARUCO 15 0.7895 0.3238 -0.9957 -0.0928 0.8960 -0.3820 -0.4125
17.1410 BM_ARUCO 15 0.7470 0.3222 -0.9990 -0.0437 0.9190 -0.3930 -0.4110
17.2953 BM_POSE 0.9340 -0.3990 -0.3826
17.4266 BM_ARUCO 15 0.7306 0.3249 -0.9980 -0.0632 0.9410 -0.4020 -0.3198
18.2287 BM_POSE 1.0050 -0.3950 0.5410
18.7313 BM_POSE 1.0660 -0.3530 0.6172
18.8514 BM_ARUCO 14 0.5182 -0.2149 -0.7261 -0.6876 1.0810 -0.3430 0.6187
19.1250 BM_ARUCO 14 0.4790 -0.2151 -0.7243 -0.6894 1.1140 -0.3190 0.6217
19.2337 BM_POSE 1.1280 -0.3100 0.6187
19.3948 BM_ARUCO 14 0.4426 -0.2148 -0.7210 -0.6930 1.1460 -0.2960 0.6127
19.6608 BM_ARUCO 14 0.4058 -0.2096 -0.7138 -0.7003 1.1780 -0.2740 0.6142
19.7342 BM_POSE 1.1880 -0.2670 0.6172
19.9261 BM_ARUCO 14 0.3709 -0.2086 -0.7112 -0.7030 1.2110 -0.2510 0.6202
20.2350 BM_POSE 1.2420 -0.2290 0.6576
20.7362 BM_POSE 1.2560 -0.2150 0.9924
21.6123 BM_POSE 1.2720 -0.1480 1.6066
26.1561 BM_STATE FAILED
26.1572 BM_DONE 0 26.1558
