# final_ball_mission debug log
# created 2026-04-17T17:21:13.784768
# elapsed_s  EVENT  fields...
#
# BM_START        x0 y0 heading
# BM_STATE        state_name
# BM_POSE         x y heading
# BM_BALL_DET     color cx cy r_px x_r y_r wx wy det_count
# BM_ARUCO        marker_id x_r y_r fnx fny rx ry hdg
# BM_POSE_CORRECT old_rx old_ry new_rx new_ry heading
# BM_PATH         n x1 y1 x2 y2 ...
# BM_REPLAN       reason eff_sx eff_sy n x1 y1 ...
# BM_PICKUP       color elapsed_s
# BM_DELIVER      color quadrant
# BM_DONE         1|0 elapsed_s
# BM_FRAME        filename label
#
0.0022 BM_START 0.0000 0.0000 0.0000
0.0032 BM_STATE SCAN
6.2697 BM_BALL_DET R 755.0000 299.0000 18.0000 0.8557 -0.4691 0.8557 -0.4691 1
9.7404 BM_BALL_DET B 551.0000 292.0000 17.0000 0.9082 -0.2126 0.9082 -0.2126 1
9.9011 BM_ARUCO 12 1.2205 0.3570 -0.7363 -0.6767 0.0000 0.0000 0.0000
9.9035 BM_ARUCO 13 1.1838 0.1154 -0.6489 0.7609 0.0000 0.0000 0.0000
9.9040 BM_POSE 0.0000 0.0000 0.0000
9.9070 BM_STATE NAVIGATE_TO_FIRST_BALL
9.9225 BM_PATH 20 0.0000 0.0000 0.0500 0.0500 0.1000 0.1000 0.1500 0.1500 0.2000 0.1500 0.2500 0.2000 0.3000 0.2000 0.3500 0.2000 0.4000 0.2000 0.4500 0.2000 0.5000 0.2000 0.5500 0.2000 0.6000 0.2000 0.6500 0.2000 0.7000 0.2000 0.7500 0.2000 0.8000 0.2000 0.8500 0.2000 0.9000 0.2000 0.9777 0.1813
10.0494 BM_BALL_DET B 459.0000 603.0000 16.5000 0.8470 -0.0790 0.8915 -0.1470 2
10.1738 BM_ARUCO 12 1.2072 0.3536 -0.7350 -0.6781 0.0090 0.0020 0.3527
10.1764 BM_ARUCO 13 1.1831 0.1158 -0.6573 0.7536 0.0090 0.0020 0.3527
10.4340 BM_POSE 0.0290 0.0150 0.7084
11.0597 BM_ARUCO 12 1.1088 -0.6222 -0.9943 -0.1066 0.0380 0.0230 0.8175
11.6495 BM_ARUCO 12 1.1057 -0.6130 -0.9923 -0.1239 0.0380 0.0230 0.8175
12.1046 BM_ARUCO 12 1.1057 -0.6130 -0.9923 -0.1239 0.0380 0.0230 0.8175
12.5056 BM_ARUCO 12 1.1057 -0.6130 -0.9923 -0.1239 0.0380 0.0230 0.8175
12.9321 BM_ARUCO 12 1.1057 -0.6130 -0.9923 -0.1239 0.0380 0.0230 0.8175
13.5058 BM_ARUCO 12 1.1153 -0.6180 -0.9949 -0.1008 0.0380 0.0230 0.8175
13.9464 BM_ARUCO 12 1.1057 -0.6130 -0.9923 -0.1239 0.0380 0.0230 0.8175
14.4330 BM_ARUCO 12 1.1153 -0.6180 -0.9949 -0.1008 0.0380 0.0230 0.8175
14.8509 BM_ARUCO 12 1.1153 -0.6180 -0.9949 -0.1008 0.0380 0.0230 0.8175
15.4091 BM_ARUCO 12 1.1153 -0.6180 -0.9949 -0.1008 0.0380 0.0230 0.8175
15.5486 BM_REPLAN shift_cycle1 0.0380 0.0230 13 0.0380 0.0230 0.0880 0.0730 0.1380 0.1230 0.1880 0.1230 0.2380 0.1230 0.2880 0.1230 0.3380 0.1230 0.3880 0.1230 0.4380 0.1230 0.4880 0.1230 0.5380 0.1230 0.5880 0.1230 0.6344 0.1594
15.7958 BM_ARUCO 12 1.1153 -0.6180 -0.9949 -0.1008 0.0480 0.0340 0.7906
16.0570 BM_POSE 0.0670 0.0510 0.6516
16.0972 BM_ARUCO 12 1.0957 -0.5900 -0.9909 -0.1347 0.0690 0.0530 0.6247
16.3779 BM_ARUCO 13 1.0244 -0.5771 -0.0847 0.9964 0.0730 0.0550 0.5873
16.3795 BM_ARUCO 12 1.1313 -0.3835 -0.9788 -0.2048 0.0730 0.0550 0.5873
16.3906 BM_ARUCO 13 1.0350 -0.5919 -0.1070 0.9943 0.0730 0.0550 0.5873
16.3926 BM_ARUCO 12 1.1352 -0.3951 -0.9801 -0.1984 0.0730 0.0550 0.5873
16.7759 BM_ARUCO 12 1.1228 -0.3784 -0.9858 -0.1682 0.0730 0.0550 0.5873
16.8039 BM_ARUCO 13 1.0143 -0.5693 -0.0793 0.9969 0.0730 0.0550 0.5873
17.3017 BM_ARUCO 13 1.0149 -0.5692 -0.0877 0.9961 0.0730 0.0550 0.5873
17.3153 BM_ARUCO 12 1.1229 -0.3776 -0.9798 -0.2000 0.0730 0.0550 0.5873
17.7964 BM_ARUCO 13 1.0149 -0.5692 -0.0877 0.9961 0.0730 0.0550 0.5873
17.8039 BM_ARUCO 12 1.1229 -0.3776 -0.9798 -0.2000 0.0730 0.0550 0.5873
18.2669 BM_ARUCO 13 1.0149 -0.5692 -0.0877 0.9961 0.0730 0.0550 0.5873
18.2717 BM_ARUCO 12 1.1229 -0.3776 -0.9798 -0.2000 0.0730 0.0550 0.5873
18.8221 BM_ARUCO 13 1.0149 -0.5692 -0.0877 0.9961 0.0730 0.0550 0.5873
18.8304 BM_ARUCO 12 1.1229 -0.3776 -0.9798 -0.2000 0.0730 0.0550 0.5873
19.2962 BM_ARUCO 13 1.0149 -0.5692 -0.0877 0.9961 0.0730 0.0550 0.5873
19.3239 BM_ARUCO 12 1.1229 -0.3776 -0.9798 -0.2000 0.0730 0.0550 0.5873
19.7627 BM_ARUCO 13 1.0149 -0.5692 -0.0877 0.9961 0.0730 0.0550 0.5873
19.7638 BM_ARUCO 12 1.1229 -0.3776 -0.9798 -0.2000 0.0730 0.0550 0.5873
20.3413 BM_ARUCO 13 1.0149 -0.5692 -0.0877 0.9961 0.0730 0.0550 0.5873
20.3523 BM_ARUCO 12 1.1229 -0.3776 -0.9798 -0.2000 0.0730 0.0550 0.5873
20.8625 BM_ARUCO 13 1.0149 -0.5692 -0.0877 0.9961 0.0730 0.0550 0.5873
20.8677 BM_ARUCO 12 1.1229 -0.3776 -0.9798 -0.2000 0.0730 0.0550 0.5873
21.1826 BM_ARUCO 13 1.0149 -0.5692 -0.0877 0.9961 0.0730 0.0550 0.5873
21.1867 BM_ARUCO 12 1.1229 -0.3776 -0.9798 -0.2000 0.0730 0.0550 0.5873
21.3335 BM_REPLAN shift_cycle2 0.0730 0.0550 13 0.0730 0.0550 0.1230 0.1050 0.1730 0.1550 0.2230 0.2050 0.2730 0.2050 0.3230 0.2050 0.3730 0.2050 0.4230 0.2050 0.4730 0.2050 0.5230 0.2050 0.5730 0.2050 0.6230 0.2050 0.6915 0.1994
21.5848 BM_ARUCO 13 1.0149 -0.5692 -0.0877 0.9961 0.0920 0.0700 0.7069
21.5874 BM_ARUCO 12 1.1229 -0.3776 -0.9798 -0.2000 0.0920 0.0700 0.7069
21.8556 BM_ARUCO 12 1.0703 -0.5180 -0.9898 -0.1426 0.1200 0.0960 0.7816
22.1420 BM_ARUCO 12 1.0143 -0.5742 -0.9914 -0.1311 0.1420 0.1190 0.7801
22.2213 BM_POSE 0.1480 0.1240 0.7233
22.5153 BM_ARUCO 12 1.0110 -0.4644 -0.9842 -0.1771 0.1540 0.1290 0.6665
22.8814 BM_ARUCO 12 1.0071 -0.4440 -0.9824 -0.1870 0.1530 0.1280 0.6740
23.3130 BM_ARUCO 12 1.0171 -0.4588 -0.9842 -0.1772 0.1530 0.1280 0.6740
23.7400 BM_ARUCO 12 1.0014 -0.4518 -0.9801 -0.1986 0.1530 0.1280 0.6740
24.2693 BM_ARUCO 12 1.0014 -0.4518 -0.9801 -0.1986 0.1530 0.1280 0.6740
24.8281 BM_ARUCO 12 1.0014 -0.4518 -0.9801 -0.1986 0.1530 0.1280 0.6740
25.3802 BM_ARUCO 12 1.0014 -0.4518 -0.9801 -0.1986 0.1530 0.1280 0.6740
25.9363 BM_ARUCO 12 1.0014 -0.4518 -0.9801 -0.1986 0.1530 0.1280 0.6740
26.3673 BM_ARUCO 12 1.0014 -0.4518 -0.9801 -0.1986 0.1530 0.1280 0.6740
26.7383 BM_ARUCO 12 1.0014 -0.4518 -0.9801 -0.1986 0.1530 0.1280 0.6740
27.1342 BM_ARUCO 12 1.0014 -0.4518 -0.9801 -0.1986 0.1530 0.1280 0.6740
27.2963 BM_REPLAN shift_cycle3 0.1530 0.1280 11 0.1530 0.1280 0.2030 0.1780 0.2530 0.1780 0.3030 0.1780 0.3530 0.1780 0.4030 0.1780 0.4530 0.2280 0.5030 0.2280 0.5530 0.2280 0.6030 0.2280 0.6915 0.1994
27.5572 BM_ARUCO 12 1.0014 -0.4518 -0.9801 -0.1986 0.1700 0.1400 0.4708
28.0697 BM_ARUCO 12 1.0247 -0.0195 -0.8488 -0.5288 0.2260 0.1560 0.1958
28.0741 BM_ARUCO 13 0.9657 -0.2460 -0.4507 0.8927 0.2260 0.1560 0.1958
28.3400 BM_ARUCO 12 0.9841 0.0562 -0.8021 -0.5971 0.2630 0.1620 0.1420
28.3427 BM_ARUCO 13 0.9451 -0.1732 -0.5210 0.8536 0.2630 0.1620 0.1420
28.6244 BM_ARUCO 12 0.9343 0.1158 -0.7748 -0.6322 0.2930 0.1670 0.2032
28.6289 BM_ARUCO 13 0.9139 -0.1157 -0.5823 0.8129 0.2930 0.1670 0.2032
28.9071 BM_ARUCO 12 0.9249 0.0361 -0.8246 -0.5657 0.3260 0.1760 0.3168
28.9110 BM_ARUCO 13 0.8777 -0.1934 -0.5080 0.8613 0.3260 0.1760 0.3168
29.1754 BM_ARUCO 13 0.8169 -0.2888 -0.3910 0.9204 0.3560 0.1860 0.3512
29.1786 BM_ARUCO 12 0.8905 -0.0661 -0.8866 -0.4626 0.3560 0.1860 0.3512
29.4505 BM_ARUCO 13 0.7850 -0.2924 -0.3812 0.9245 0.3890 0.1970 0.2675
29.4552 BM_ARUCO 12 0.8531 -0.0698 -0.8873 -0.4613 0.3890 0.1970 0.2675
29.7243 BM_ARUCO 13 0.7701 -0.2315 -0.4763 0.8793 0.4230 0.2050 0.2003
29.7280 BM_ARUCO 12 0.8243 -0.0039 -0.8486 -0.5290 0.4230 0.2050 0.2003
29.9990 BM_ARUCO 12 0.7840 0.0553 -0.8201 -0.5722 0.4590 0.2120 0.1450
30.0029 BM_ARUCO 13 0.7387 -0.1737 -0.5343 0.8453 0.4590 0.2120 0.1450
30.2065 BM_ARUCO 12 0.7518 0.0935 -0.7906 -0.6123 0.4850 0.2150 0.0971
30.2077 BM_ARUCO 13 0.7193 -0.1383 -0.5902 0.8073 0.4850 0.2150 0.0971
30.4601 BM_ARUCO 12 0.7143 0.1314 -0.7576 -0.6527 0.5150 0.2170 0.0269
30.4634 BM_ARUCO 13 0.6967 -0.1010 -0.6210 0.7838 0.5150 0.2170 0.0269
30.7220 BM_ARUCO 12 0.6750 0.1844 -0.6952 -0.7188 0.5500 0.2160 -0.0807
30.7285 BM_ARUCO 13 0.6734 -0.0495 -0.6769 0.7361 0.5500 0.2160 -0.0807
30.8873 BM_POSE 0.5740 0.2130 -0.1240
30.9836 BM_ARUCO 12 0.6211 0.2605 -0.5528 -0.8333 0.5870 0.2110 -0.1300
30.9878 BM_ARUCO 13 0.6397 0.0280 -0.7623 0.6472 0.5870 0.2110 -0.1300
31.2591 BM_ARUCO 12 0.5870 0.2803 -0.5085 -0.8611 0.5900 0.2110 -0.1196
31.2637 BM_ARUCO 13 0.5947 0.0465 -0.7679 0.6405 0.5900 0.2110 -0.1196
31.3268 BM_ARUCO 12 0.5895 0.2741 -0.5249 -0.8511 0.5900 0.2110 -0.1196
31.3463 BM_ARUCO 13 0.6061 0.0407 -0.7751 0.6318 0.5900 0.2110 -0.1196
31.9532 BM_ARUCO 12 0.5879 0.2745 -0.5231 -0.8522 0.5900 0.2110 -0.1196
31.9617 BM_ARUCO 13 0.6006 0.0413 -0.7701 0.6380 0.5900 0.2110 -0.1196
32.5426 BM_ARUCO 12 0.5879 0.2745 -0.5231 -0.8522 0.5900 0.2110 -0.1196
32.5535 BM_ARUCO 13 0.6006 0.0413 -0.7701 0.6380 0.5900 0.2110 -0.1196
33.0087 BM_ARUCO 12 0.5864 0.2740 -0.5135 -0.8581 0.5900 0.2110 -0.1196
33.0247 BM_ARUCO 13 0.6006 0.0413 -0.7701 0.6380 0.5900 0.2110 -0.1196
33.4692 BM_ARUCO 12 0.5864 0.2740 -0.5135 -0.8581 0.5900 0.2110 -0.1196
33.4722 BM_ARUCO 13 0.6006 0.0413 -0.7701 0.6380 0.5900 0.2110 -0.1196
33.7527 BM_ARUCO 12 0.5864 0.2740 -0.5135 -0.8581 0.5900 0.2110 -0.1196
33.7566 BM_ARUCO 13 0.6026 0.0417 -0.7771 0.6294 0.5900 0.2110 -0.1196
34.2136 BM_ARUCO 12 0.5864 0.2740 -0.5135 -0.8581 0.5900 0.2110 -0.1196
34.2197 BM_ARUCO 13 0.6006 0.0413 -0.7701 0.6380 0.5900 0.2110 -0.1196
34.7423 BM_ARUCO 12 0.5864 0.2740 -0.5135 -0.8581 0.5900 0.2110 -0.1196
34.7534 BM_ARUCO 13 0.6026 0.0417 -0.7771 0.6294 0.5900 0.2110 -0.1196
35.1425 BM_ARUCO 12 0.5864 0.2740 -0.5135 -0.8581 0.5900 0.2110 -0.1196
35.1480 BM_ARUCO 13 0.6026 0.0417 -0.7771 0.6294 0.5900 0.2110 -0.1196
35.6240 BM_ARUCO 12 0.5864 0.2740 -0.5135 -0.8581 0.5900 0.2110 -0.1196
35.6347 BM_ARUCO 13 0.6026 0.0417 -0.7771 0.6294 0.5900 0.2110 -0.1196
36.0315 BM_ARUCO 12 0.5864 0.2740 -0.5135 -0.8581 0.5900 0.2110 -0.1196
36.0337 BM_ARUCO 13 0.6026 0.0417 -0.7771 0.6294 0.5900 0.2110 -0.1196
36.1435 BM_REPLAN shift_cycle4 0.5900 0.2110 3 0.5900 0.2110 0.6400 0.2110 0.6915 0.1994
36.3602 BM_ARUCO 12 0.5864 0.2740 -0.5135 -0.8581 0.6130 0.2080 -0.1196
36.3647 BM_ARUCO 13 0.6026 0.0417 -0.7771 0.6294 0.6130 0.2080 -0.1196
36.6300 BM_ARUCO 12 0.5566 0.2796 -0.4883 -0.8727 0.6510 0.2040 -0.1226
36.6318 BM_ARUCO 13 0.5685 0.0481 -0.7732 0.6341 0.6510 0.2040 -0.1226
36.6522 BM_POSE 0.6530 0.2030 -0.1196
36.9122 BM_ARUCO 13 0.5386 0.0460 -0.7738 0.6334 0.6540 0.2030 -0.1211
37.0301 BM_ARUCO 13 0.5424 0.0474 -0.7833 0.6216 0.6540 0.2030 -0.1211
37.2038 BM_ARUCO 13 0.5424 0.0465 -0.7825 0.6227 0.6540 0.2030 -0.1211
37.8002 BM_ARUCO 13 0.5423 0.0467 -0.7784 0.6277 0.6540 0.2030 -0.1211
38.1739 BM_ARUCO 13 0.5423 0.0467 -0.7784 0.6277 0.6540 0.2030 -0.1211
38.5353 BM_ARUCO 13 0.5445 0.0467 -0.7852 0.6192 0.6540 0.2030 -0.1211
39.0026 BM_ARUCO 13 0.5445 0.0467 -0.7852 0.6192 0.6540 0.2030 -0.1211
39.4335 BM_ARUCO 13 0.5445 0.0467 -0.7852 0.6192 0.6540 0.2030 -0.1211
39.8765 BM_ARUCO 13 0.5445 0.0467 -0.7852 0.6192 0.6540 0.2030 -0.1211
40.3606 BM_ARUCO 13 0.5445 0.0467 -0.7852 0.6192 0.6540 0.2030 -0.1211
40.7684 BM_ARUCO 13 0.5423 0.0467 -0.7784 0.6277 0.6540 0.2030 -0.1211
41.2283 BM_ARUCO 13 0.5445 0.0467 -0.7852 0.6192 0.6540 0.2030 -0.1211
41.5199 BM_ARUCO 13 0.5423 0.0467 -0.7784 0.6277 0.6540 0.2030 -0.1211
41.6297 BM_REPLAN shift_cycle5 0.6540 0.2030 2 0.6540 0.2030 0.6915 0.1994
41.8374 BM_ARUCO 13 0.5423 0.0467 -0.7784 0.6277 0.6540 0.2030 -0.1211
46.2901 BM_POSE 0.6510 0.2030 -0.8922
46.5810 BM_POSE 0.6860 0.1530 -1.0193
46.7846 BM_POSE 0.7100 0.1080 -1.1209
47.0814 BM_POSE 0.7380 0.0400 -1.2539
47.4189 BM_POSE 0.7560 -0.0310 -1.3854
47.7159 BM_POSE 0.7630 -0.0930 -1.5049
48.1167 BM_POSE 0.7640 -0.1580 -1.6230
48.4116 BM_POSE 0.7560 -0.2200 -1.7575
48.6144 BM_POSE 0.7450 -0.2690 -1.8516
48.8174 BM_POSE 0.7290 -0.3160 -1.9428
49.1216 BM_POSE 0.6960 -0.3860 -2.0803
49.3317 BM_POSE 0.6680 -0.4300 -2.1789
49.6142 BM_POSE 0.6250 -0.4840 -2.3104
49.9087 BM_POSE 0.5710 -0.5350 -2.4509
50.1915 BM_POSE 0.5140 -0.5770 -2.5824
50.4878 BM_POSE 0.4480 -0.6120 -2.7244
50.7544 BM_POSE 0.3860 -0.6350 -2.8499
51.0518 BM_POSE 0.3130 -0.6510 -2.9904
51.2540 BM_POSE 0.2630 -0.6570 -3.0830
51.4540 BM_POSE 0.2130 -0.6570 3.1045
51.7524 BM_POSE 0.1390 -0.6490 2.9625
52.0448 BM_POSE 0.0690 -0.6310 2.8265
52.3425 BM_POSE -0.0010 -0.6030 2.6831
52.5465 BM_POSE -0.0450 -0.5790 2.5919
52.7489 BM_POSE -0.0870 -0.5500 2.4918
52.9547 BM_POSE -0.1260 -0.5170 2.3947
53.2491 BM_POSE -0.1770 -0.4630 2.2542
53.5493 BM_POSE -0.2200 -0.4020 2.1122
53.7517 BM_POSE -0.2440 -0.3580 2.0196
53.9544 BM_POSE -0.2630 -0.3120 1.9284
54.1610 BM_POSE -0.2780 -0.2680 1.8343
54.4560 BM_POSE -0.2880 -0.2150 1.7027
54.6580 BM_POSE -0.2910 -0.1790 1.6101
54.9515 BM_POSE -0.2900 -0.1260 1.4606
55.1613 BM_POSE -0.2840 -0.0890 1.3560
55.3753 BM_POSE -0.2710 -0.0450 1.2350
55.6788 BM_POSE -0.2460 0.0140 1.0900
55.8801 BM_POSE -0.2190 0.0600 0.9869
56.0901 BM_POSE -0.1890 0.1010 0.8957
56.3832 BM_POSE -0.1460 0.1470 0.7672
56.6791 BM_POSE -0.0890 0.1950 0.6267
56.8795 BM_POSE -0.0490 0.2210 0.5326
57.0822 BM_POSE -0.0100 0.2420 0.4459
57.3285 BM_POSE 0.0460 0.2640 0.3189
57.6214 BM_POSE 0.1180 0.2820 0.1709
57.9037 BM_POSE 0.1870 0.2890 0.0379
58.1902 BM_POSE 0.2590 0.2870 -0.0936
58.4876 BM_POSE 0.3310 0.2750 -0.2311
58.7809 BM_POSE 0.4010 0.2540 -0.3701
58.9834 BM_POSE 0.4470 0.2330 -0.4628
59.1842 BM_POSE 0.4920 0.2090 -0.5569
59.4760 BM_POSE 0.5510 0.1660 -0.6944
59.7840 BM_POSE 0.6060 0.1120 -0.8364
60.0839 BM_POSE 0.6520 0.0530 -0.9829
60.2862 BM_POSE 0.6780 0.0100 -1.0770
60.5764 BM_POSE 0.7080 -0.0560 -1.2175
60.7831 BM_POSE 0.7240 -0.1050 -1.3131
60.9851 BM_POSE 0.7340 -0.1550 -1.4133
61.2153 BM_POSE 0.7400 -0.2130 -1.5194
61.4166 BM_POSE 0.7410 -0.2630 -1.6120
61.7131 BM_POSE 0.7330 -0.3350 -1.7495
61.7657 BM_STATE FAILED
61.7673 BM_DONE 0 61.7641
