# final_ball_mission debug log
# created 2026-04-17T18:11:10.743260
# elapsed_s  EVENT  fields...
#
# BM_START        x0 y0 heading
# BM_STATE        state_name
# BM_POSE         x y heading
# BM_BALL_DET     color cx cy r_px x_r y_r wx wy det_count
# BM_ARUCO        marker_id x_r y_r fnx fny rx ry hdg
# BM_POSE_CORRECT old_rx old_ry new_rx new_ry heading
# BM_PATH         n x1 y1 x2 y2 ...
# BM_REPLAN       reason eff_sx eff_sy n x1 y1 ...
# BM_PICKUP       color elapsed_s
# BM_DELIVER      color quadrant
# BM_DONE         1|0 elapsed_s
# BM_FRAME        filename label
#
0.0018 BM_START 0.0000 0.0000 0.0000
0.0022 BM_STATE SCAN
10.1990 BM_BALL_DET B 597.0000 297.0000 17.5000 0.8809 -0.2717 0.8809 -0.2717 1
10.3343 BM_ARUCO 15 1.6604 -0.3003 -0.9749 0.2228 0.0000 0.0000 0.0000
10.3358 BM_ARUCO 12 1.6698 0.0443 -0.9858 0.1680 0.0000 0.0000 0.0000
10.3366 BM_POSE 0.0000 0.0000 0.0000
10.3382 BM_STATE NAVIGATE_TO_FIRST_BALL
10.3425 BM_PATH 3 0.0000 0.0000 1.0500 0.0000 1.1809 -0.2717
10.5338 BM_ARUCO 15 1.6604 -0.3003 -0.9749 0.2228 0.0200 -0.0000 -0.0045
10.5360 BM_ARUCO 12 1.6711 0.0438 -0.9761 -0.2174 0.0200 -0.0000 -0.0045
10.8264 BM_ARUCO 15 1.6366 -0.2932 -0.9347 0.3553 0.0650 -0.0000 -0.0015
10.8320 BM_ARUCO 12 1.6600 0.0519 -0.9832 0.1824 0.0650 -0.0000 -0.0015
10.8463 BM_POSE 0.0690 -0.0000 0.0015
11.1174 BM_ARUCO 15 1.5859 -0.3092 -0.9937 0.1120 0.1080 0.0000 0.0060
11.1221 BM_ARUCO 12 1.6095 0.0349 -0.9991 0.0424 0.1080 0.0000 0.0060
11.3509 BM_POSE 0.1440 0.0000 0.0045
11.3927 BM_ARUCO 15 1.5368 -0.3158 -0.9311 0.3648 0.1500 0.0000 0.0030
11.3988 BM_ARUCO 12 1.5640 0.0274 -0.9816 0.1910 0.1500 0.0000 0.0030
11.6899 BM_ARUCO 15 1.5165 -0.3133 -0.9946 0.1033 0.1940 0.0010 -0.0000
11.6961 BM_ARUCO 12 1.5234 0.0332 -0.9740 -0.2267 0.1940 0.0010 -0.0000
11.8515 BM_POSE 0.2180 0.0010 -0.0000
11.9716 BM_ARUCO 15 1.4741 -0.3143 -0.9890 0.1480 0.2350 0.0010 -0.0015
11.9753 BM_ARUCO 12 1.4720 0.0333 -0.9862 0.1653 0.2350 0.0010 -0.0015
12.2520 BM_ARUCO 15 1.4234 -0.3053 -0.9744 0.2250 0.2780 0.0000 -0.0015
12.2566 BM_ARUCO 12 1.4371 0.0382 -0.9868 0.1619 0.2780 0.0000 -0.0015
12.3521 BM_POSE 0.2930 0.0000 -0.0015
12.5242 BM_ARUCO 15 1.3707 -0.3068 -0.9977 0.0676 0.3170 0.0000 -0.0015
12.5303 BM_ARUCO 12 1.4036 0.0363 -0.9866 0.1630 0.3170 0.0000 -0.0015
12.8038 BM_ARUCO 15 1.3378 -0.3000 -0.9999 0.0110 0.3600 0.0000 -0.0045
12.8067 BM_ARUCO 12 1.3561 0.0447 -0.9758 0.2185 0.3600 0.0000 -0.0045
12.8533 BM_POSE 0.3680 0.0000 -0.0015
13.0825 BM_ARUCO 15 1.3046 -0.3007 -0.9951 0.0993 0.4010 0.0000 0.0015
13.0884 BM_ARUCO 12 1.3250 0.0446 -0.9921 0.1257 0.4010 0.0000 0.0015
13.3540 BM_POSE 0.4430 0.0000 0.0015
13.3611 BM_ARUCO 15 1.2472 -0.2960 -1.0000 0.0014 0.4430 0.0000 0.0015
13.3635 BM_ARUCO 12 1.2707 0.0458 -0.9919 0.1267 0.4430 0.0000 0.0015
13.6508 BM_ARUCO 15 1.2216 -0.3033 -0.9972 0.0754 0.4800 0.0000 0.0224
13.6536 BM_ARUCO 12 1.2383 0.0418 -0.9899 0.1416 0.4800 0.0000 0.0224
13.8365 BM_ARUCO 15 1.1875 -0.3132 -0.9986 0.0536 0.5030 0.0010 0.0269
13.8412 BM_ARUCO 12 1.2193 0.0303 -0.9830 0.1838 0.5030 0.0010 0.0269
13.8549 BM_POSE 0.5060 0.0010 0.0254
14.1125 BM_ARUCO 15 1.1902 -0.3128 -0.9970 0.0769 0.5440 0.0020 0.0120
14.1167 BM_ARUCO 12 1.2130 0.0324 -0.9890 0.1482 0.5440 0.0020 0.0120
14.3555 BM_POSE 0.5790 0.0020 -0.0000
14.3951 BM_ARUCO 15 1.1730 -0.2586 -1.0000 -0.0063 0.5850 0.0020 0.0015
14.3995 BM_ARUCO 12 1.2108 0.0845 -1.0000 0.0045 0.5850 0.0020 0.0015
14.6593 BM_ARUCO 15 1.1763 -0.2346 -0.9988 -0.0488 0.6240 0.0020 -0.0030
14.6628 BM_ARUCO 12 1.1906 0.1097 -0.9828 0.1845 0.6240 0.0020 -0.0030
14.8574 BM_POSE 0.6530 0.0020 -0.0060
14.9138 BM_ARUCO 15 1.1534 -0.1653 -0.9319 0.3628 0.6630 0.0010 -0.0060
14.9172 BM_ARUCO 12 1.1712 0.1789 -0.9991 0.0421 0.6630 0.0010 -0.0060
15.2021 BM_ARUCO 12 1.1245 0.1671 -0.9989 0.0462 0.7120 0.0010 -0.0015
15.2049 BM_ARUCO 15 1.1314 -0.1770 -0.9991 0.0414 0.7120 0.0010 -0.0015
15.3583 BM_POSE 0.7330 0.0010 -0.0060
15.4856 BM_ARUCO 15 1.0800 -0.1837 -0.9995 0.0310 0.7510 0.0010 -0.0060
15.4895 BM_ARUCO 12 1.0746 0.1597 -0.9971 0.0755 0.7510 0.0010 -0.0060
15.7651 BM_ARUCO 12 1.0360 0.1580 -0.9999 0.0127 0.7820 0.0010 -0.0030
15.7677 BM_ARUCO 15 1.0399 -0.1860 -1.0000 -0.0039 0.7820 0.0010 -0.0030
15.8694 BM_STATE FAILED
15.8714 BM_DONE 0 15.8692
