# final_ball_mission debug log
# created 2026-04-17T16:57:28.554552
# elapsed_s  EVENT  fields...
#
# BM_START        x0 y0 heading
# BM_STATE        state_name
# BM_POSE         x y heading
# BM_BALL_DET     color cx cy r_px x_r y_r wx wy det_count
# BM_ARUCO        marker_id x_r y_r fnx fny rx ry hdg
# BM_POSE_CORRECT old_rx old_ry new_rx new_ry heading
# BM_PATH         n x1 y1 x2 y2 ...
# BM_REPLAN       reason eff_sx eff_sy n x1 y1 ...
# BM_PICKUP       color elapsed_s
# BM_DELIVER      color quadrant
# BM_DONE         1|0 elapsed_s
# BM_FRAME        filename label
#
0.0009 BM_START 0.0000 0.0000 0.0000
0.0015 BM_STATE SCAN
6.5714 BM_BALL_DET R 463.0000 327.0000 20.5000 0.7450 -0.0691 0.7450 -0.0691 1
10.3326 BM_ARUCO 13 0.7987 0.3433 -0.7823 0.6229 0.0000 0.0000 0.0000
10.3330 BM_POSE 0.0000 0.0000 0.0000
10.3341 BM_STATE NAVIGATE_TO_FIRST_BALL
10.3494 BM_PATH 5 0.0000 0.0000 0.6500 -0.3000 0.8500 -0.3000 1.0000 -0.1500 1.0450 -0.0691
10.4085 BM_BALL_DET R 462.0000 326.0000 21.0000 0.7275 -0.0663 0.7396 -0.0751 2
10.5013 BM_ARUCO 13 0.8036 0.3454 -0.7841 0.6206 0.0090 -0.0010 -0.1405
10.6071 BM_BALL_DET R 446.0000 326.0000 20.5000 0.7452 -0.0485 0.7361 -0.1257 3
10.6475 BM_FRAME frame_00001.jpg nav_R_c0
10.6487 BM_POSE 0.0250 -0.0040 -0.2989
10.8448 BM_BALL_DET R 289.0000 331.0000 21.5000 0.7095 0.1356 0.7419 -0.1374 4
10.8555 BM_POSE 0.0500 -0.0140 -0.4020
11.1481 BM_REPLAN shift_cycle1 0.0610 -0.0180 2 0.0610 -0.0180 0.6898 -0.4328
11.2729 BM_BALL_DET R 225.0000 341.0000 24.0000 0.6336 0.1875 0.7345 -0.1377 5
11.2756 BM_POSE 0.0670 -0.0220 -0.4648
11.4725 BM_BALL_DET R 179.0000 347.0000 24.0000 0.6324 0.2341 0.7399 -0.1465 6
11.5086 BM_FRAME frame_00002.jpg nav_R_c1
11.5090 BM_POSE 0.0950 -0.0380 -0.5604
11.7535 BM_FRAME frame_00003.jpg fov_edge_R
12.1561 BM_POSE 0.1760 -0.0910 -0.5844
12.6577 BM_POSE 0.2380 -0.1320 -0.5829
13.1580 BM_POSE 0.3000 -0.1730 -0.5829
13.6587 BM_POSE 0.3620 -0.2140 -0.5858
14.1593 BM_POSE 0.4250 -0.2560 -0.5888
14.6612 BM_POSE 0.4870 -0.2980 -0.5903
15.1615 BM_POSE 0.5480 -0.3380 -0.5873
15.6633 BM_POSE 0.6120 -0.3810 -0.5903
18.4965 BM_ARUCO 15 0.8035 -0.1370 -0.9196 0.3930 0.6600 -0.4110 1.1418
18.4997 BM_ARUCO 14 0.7059 0.0773 -0.3152 -0.9490 0.6600 -0.4110 1.1418
21.7442 BM_POSE 0.6600 -0.4110 1.1418
22.0401 BM_POSE 0.6640 -0.4020 1.2046
22.2481 BM_POSE 0.6650 -0.3990 1.2927
22.5502 BM_POSE 0.6670 -0.3910 1.3690
22.8420 BM_POSE 0.6670 -0.3890 1.3704
23.0428 BM_POSE 0.6680 -0.3880 1.3615
23.2447 BM_POSE 0.6680 -0.3880 1.3570
23.2450 BM_STATE WAIT_FIRST_PICKUP
23.9527 BM_ARUCO 15 0.7309 -0.3515 -0.9991 0.0429 0.6680 -0.3880 1.3525
23.9560 BM_ARUCO 14 0.6818 -0.1167 -0.5647 -0.8253 0.6680 -0.3880 1.3525
26.9708 BM_BALL_DET R 406.0000 511.0000 51.0000 0.2823 0.0000 0.7366 -0.1363 7
26.9714 BM_POSE 0.6680 -0.3880 1.3525
27.2626 BM_ARUCO 15 0.7309 -0.3515 -0.9991 0.0429 0.6680 -0.3880 1.3525
27.2655 BM_ARUCO 14 0.6818 -0.1167 -0.5647 -0.8253 0.6680 -0.3880 1.3525
30.2971 BM_PICKUP R 30.2956
30.2980 BM_STATE DELIVER_FIRST
30.9356 BM_PATH 5 0.6680 -0.3880 0.5180 0.6120 0.5680 0.7120 0.6680 0.8120 1.0092 0.7636
31.1777 BM_ARUCO 15 0.7309 -0.3515 -0.9991 0.0429 0.6690 -0.3840 1.4063
31.1824 BM_ARUCO 14 0.6818 -0.1167 -0.5647 -0.8253 0.6690 -0.3840 1.4063
31.4436 BM_POSE 0.6640 -0.3360 1.7665
31.9441 BM_POSE 0.6520 -0.2640 1.7246
32.4490 BM_POSE 0.6410 -0.1910 1.7187
32.9505 BM_POSE 0.6300 -0.1160 1.7217
33.4510 BM_POSE 0.6190 -0.0420 1.7246
33.9519 BM_POSE 0.6070 0.0320 1.7217
34.4526 BM_POSE 0.5960 0.1060 1.7217
34.9531 BM_POSE 0.5850 0.1800 1.7261
35.4538 BM_POSE 0.5730 0.2530 1.7246
35.9545 BM_POSE 0.5620 0.3280 1.7246
36.4553 BM_POSE 0.5500 0.4010 1.7261
36.9570 BM_POSE 0.5390 0.4750 1.7217
37.8599 BM_POSE 0.5410 0.5820 1.3660
38.7027 BM_POSE 0.5780 0.6740 1.0118
39.2035 BM_POSE 0.6080 0.7180 0.8653
39.8791 BM_POSE 0.6600 0.7440 0.1286
40.3818 BM_POSE 0.7340 0.7490 0.0449
40.8834 BM_POSE 0.8080 0.7530 0.0583
41.3843 BM_POSE 0.8820 0.7580 0.0538
41.8845 BM_POSE 0.9570 0.7610 0.0449
43.1477 BM_DELIVER R A
43.1483 BM_STATE NAVIGATE_TO_SECOND_BALL
43.4520 BM_STATE RETURN_TO_START
43.8182 BM_PATH 4 0.9730 0.7620 0.6730 0.8120 0.1230 0.2620 0.1473 0.1332
47.3452 BM_POSE 0.7690 0.7930 -3.1119
48.0220 BM_POSE 0.7070 0.7600 -2.4678
48.0222 BM_STATE FAILED
48.0231 BM_DONE 0 48.0216
