# final_ball_mission debug log
# created 2026-04-17T17:54:17.735930
# elapsed_s  EVENT  fields...
#
# BM_START        x0 y0 heading
# BM_STATE        state_name
# BM_POSE         x y heading
# BM_BALL_DET     color cx cy r_px x_r y_r wx wy det_count
# BM_ARUCO        marker_id x_r y_r fnx fny rx ry hdg
# BM_POSE_CORRECT old_rx old_ry new_rx new_ry heading
# BM_PATH         n x1 y1 x2 y2 ...
# BM_REPLAN       reason eff_sx eff_sy n x1 y1 ...
# BM_PICKUP       color elapsed_s
# BM_DELIVER      color quadrant
# BM_DONE         1|0 elapsed_s
# BM_FRAME        filename label
#
0.0013 BM_START 0.0000 0.0000 0.0000
0.0022 BM_STATE SCAN
10.4095 BM_ARUCO 12 1.4786 0.6477 -0.9980 -0.0640 0.0000 0.0000 0.0000
10.4122 BM_ARUCO 15 1.5191 0.3046 -0.9999 -0.0133 0.0000 0.0000 0.0000
10.4126 BM_POSE 0.0000 0.0000 0.0000
17.0818 BM_BALL_DET B 538.0000 315.0000 20.5000 0.7478 -0.1605 0.7531 0.1337 1
17.1149 BM_POSE -0.0000 -0.0000 0.3856
17.1161 BM_STATE NAVIGATE_TO_FIRST_BALL
17.1195 BM_PATH 4 0.0000 0.0000 0.7500 0.4500 1.0500 0.1500 1.0531 0.1337
17.3058 BM_ARUCO 15 1.5201 -0.2641 -0.9411 0.3381 0.0130 0.0060 0.4603
17.3102 BM_ARUCO 12 1.5766 0.0747 -0.9758 0.2186 0.0130 0.0060 0.4603
17.5643 BM_ARUCO 15 1.5002 -0.4405 -0.9002 0.4355 0.0480 0.0250 0.5365
17.5673 BM_ARUCO 12 1.5743 -0.1026 -0.9977 -0.0678 0.0480 0.0250 0.5365
17.6224 BM_POSE 0.0560 0.0300 0.5425
17.8523 BM_ARUCO 15 1.4355 -0.5233 -0.8469 0.5318 0.0850 0.0480 0.5500
17.8556 BM_ARUCO 12 1.5068 -0.1875 -0.9947 -0.1028 0.0850 0.0480 0.5500
18.1227 BM_POSE 0.1190 0.0680 0.5365
18.1277 BM_ARUCO 15 1.3867 -0.5301 -0.9984 0.0567 0.1190 0.0680 0.5365
18.1324 BM_ARUCO 12 1.4569 -0.1931 -0.9206 0.3905 0.1190 0.0680 0.5365
18.4141 BM_ARUCO 15 1.3520 -0.5119 -0.9942 0.1072 0.1550 0.0900 0.5320
18.4194 BM_ARUCO 12 1.4381 -0.1790 -0.9952 -0.0983 0.1550 0.0900 0.5320
18.6245 BM_POSE 0.1830 0.1060 0.5380
18.6948 BM_ARUCO 15 1.3177 -0.5053 -0.9962 0.0868 0.1910 0.1110 0.5380
18.6973 BM_ARUCO 12 1.3842 -0.1674 -0.9525 0.3046 0.1910 0.1110 0.5380
18.9730 BM_ARUCO 15 1.2769 -0.4983 -0.9872 0.1597 0.2270 0.1320 0.5395
18.9751 BM_ARUCO 12 1.3586 -0.1634 -0.9606 0.2779 0.2270 0.1320 0.5395
19.1252 BM_POSE 0.2470 0.1440 0.5395
19.2496 BM_ARUCO 15 1.2267 -0.4916 -0.9991 0.0421 0.2620 0.1540 0.5440
19.2536 BM_ARUCO 12 1.3031 -0.1597 -0.9299 0.3678 0.2620 0.1540 0.5440
19.5238 BM_ARUCO 15 1.1954 -0.5009 -0.9958 0.0911 0.2970 0.1750 0.5485
19.5256 BM_ARUCO 12 1.2763 -0.1665 -0.9571 0.2896 0.2970 0.1750 0.5485
19.6256 BM_POSE 0.3100 0.1830 0.5485
19.8199 BM_ARUCO 15 1.1598 -0.5076 -0.9976 0.0687 0.3340 0.1980 0.5485
19.8253 BM_ARUCO 12 1.2269 -0.1706 -0.9232 0.3842 0.3340 0.1980 0.5485
20.1182 BM_ARUCO 15 1.1069 -0.5043 -0.9987 0.0516 0.3720 0.2200 0.5470
20.1222 BM_ARUCO 12 1.1956 -0.1742 -0.9751 0.2216 0.3720 0.2200 0.5470
20.1262 BM_POSE 0.3730 0.2210 0.5455
20.3863 BM_ARUCO 15 1.0762 -0.5149 -0.9974 0.0714 0.4010 0.2380 0.5575
20.3893 BM_ARUCO 12 1.1459 -0.1785 -0.9263 0.3767 0.4010 0.2380 0.5575
20.5873 BM_ARUCO 15 1.0392 -0.5585 -0.9987 0.0505 0.4260 0.2540 0.5530
20.5885 BM_ARUCO 12 1.1254 -0.2325 -0.9370 0.3493 0.4260 0.2540 0.5530
20.6265 BM_POSE 0.4320 0.2570 0.5560
20.8538 BM_ARUCO 12 1.0982 -0.3224 -0.8500 0.5268 0.4580 0.2730 0.5694
21.1268 BM_POSE 0.4920 0.2950 0.5560
21.4177 BM_STATE FAILED
21.4189 BM_DONE 0 21.4167
