# final_ball_mission debug log
# created 2026-04-17T17:57:45.706219
# elapsed_s  EVENT  fields...
#
# BM_START        x0 y0 heading
# BM_STATE        state_name
# BM_POSE         x y heading
# BM_BALL_DET     color cx cy r_px x_r y_r wx wy det_count
# BM_ARUCO        marker_id x_r y_r fnx fny rx ry hdg
# BM_POSE_CORRECT old_rx old_ry new_rx new_ry heading
# BM_PATH         n x1 y1 x2 y2 ...
# BM_REPLAN       reason eff_sx eff_sy n x1 y1 ...
# BM_PICKUP       color elapsed_s
# BM_DELIVER      color quadrant
# BM_DONE         1|0 elapsed_s
# BM_FRAME        filename label
#
0.0017 BM_START 0.0000 0.0000 0.0000
0.0019 BM_STATE SCAN
10.1387 BM_BALL_DET B 452.0000 278.0000 15.5000 1.0004 -0.0738 1.0004 -0.0738 1
10.2913 BM_ARUCO 12 1.7481 0.3584 -0.9951 -0.0993 0.0000 0.0000 0.0000
10.2951 BM_ARUCO 15 1.7750 0.0123 -0.9702 -0.2424 0.0000 0.0000 0.0000
10.2958 BM_POSE 0.0000 0.0000 0.0000
10.3000 BM_STATE NAVIGATE_TO_FIRST_BALL
10.3138 BM_PATH 4 0.0000 0.0000 1.0500 0.3000 1.3500 0.0000 1.3004 -0.0738
10.4421 BM_ARUCO 12 1.7220 0.3534 -0.9954 0.0962 0.0090 0.0000 0.0732
10.4442 BM_ARUCO 15 1.7863 0.0130 -0.9766 0.2153 0.0090 0.0000 0.0732
10.8253 BM_POSE 0.0570 0.0100 0.2541
10.9408 BM_ARUCO 15 1.7180 -0.3622 -0.9999 0.0146 0.0720 0.0140 0.2585
10.9451 BM_ARUCO 12 1.7625 -0.0162 -0.9909 0.1349 0.0720 0.0140 0.2585
11.2156 BM_ARUCO 15 1.6724 -0.3912 -0.9465 0.3227 0.1130 0.0250 0.2720
11.2188 BM_ARUCO 12 1.7069 -0.0468 -0.9943 -0.1070 0.1130 0.0250 0.2720
11.3259 BM_POSE 0.1290 0.0300 0.2780
11.4759 BM_ARUCO 15 1.6246 -0.4072 -0.9689 0.2474 0.1490 0.0360 0.2854
11.4793 BM_ARUCO 12 1.6615 -0.0625 -0.9950 -0.0999 0.1490 0.0360 0.2854
11.7884 BM_ARUCO 15 1.5834 -0.4209 -0.9250 0.3800 0.1950 0.0490 0.2899
11.7916 BM_ARUCO 12 1.6185 -0.0762 -0.9621 0.2727 0.1950 0.0490 0.2899
11.8266 BM_POSE 0.2010 0.0510 0.2869
12.0651 BM_ARUCO 15 1.5344 -0.4270 -0.9947 0.1033 0.2340 0.0610 0.2854
12.0686 BM_ARUCO 12 1.5598 -0.0820 -0.9504 0.3111 0.2340 0.0610 0.2854
12.3270 BM_POSE 0.2720 0.0720 0.2854
12.3390 BM_ARUCO 15 1.4898 -0.4298 -0.9975 0.0702 0.2730 0.0720 0.2869
12.3442 BM_ARUCO 12 1.5425 -0.0878 -0.9897 -0.1431 0.2730 0.0720 0.2869
12.6121 BM_ARUCO 15 1.4702 -0.4393 -0.9844 0.1759 0.3120 0.0840 0.2869
12.6150 BM_ARUCO 12 1.5005 -0.0919 -0.9961 -0.0883 0.3120 0.0840 0.2869
12.8273 BM_POSE 0.3430 0.0930 0.2840
12.8735 BM_ARUCO 15 1.4066 -0.4332 -0.9913 0.1320 0.3500 0.0950 0.2854
12.8776 BM_ARUCO 12 1.4523 -0.0911 -0.9496 0.3135 0.3500 0.0950 0.2854
13.1575 BM_ARUCO 15 1.3763 -0.4378 -0.9945 0.1052 0.3900 0.1070 0.2869
13.1602 BM_ARUCO 12 1.4199 -0.0931 -0.9641 0.2657 0.3900 0.1070 0.2869
13.3282 BM_POSE 0.4150 0.1140 0.2869
13.4269 BM_ARUCO 15 1.3329 -0.4352 -0.9922 0.1245 0.4280 0.1180 0.2869
13.4306 BM_ARUCO 12 1.3746 -0.0924 -0.9924 -0.1232 0.4280 0.1180 0.2869
13.6837 BM_ARUCO 15 1.2840 -0.4314 -0.9993 0.0372 0.4650 0.1290 0.2854
13.6884 BM_ARUCO 12 1.3431 -0.0929 -0.9976 -0.0687 0.4650 0.1290 0.2854
13.8286 BM_POSE 0.4870 0.1350 0.2825
13.8949 BM_ARUCO 15 1.2544 -0.4320 -0.9969 0.0790 0.4960 0.1380 0.2854
13.8983 BM_ARUCO 12 1.2992 -0.0889 -0.9764 0.2160 0.4960 0.1380 0.2854
14.1690 BM_ARUCO 15 1.2331 -0.4335 -0.9945 0.1049 0.5300 0.1480 0.3183
14.1727 BM_ARUCO 12 1.2711 -0.0889 -0.9743 0.2252 0.5300 0.1480 0.3183
14.3300 BM_POSE 0.5450 0.1530 0.3572
14.4293 BM_ARUCO 12 1.2507 -0.1558 -0.9450 0.3271 0.5570 0.1570 0.3422
14.8306 BM_POSE 0.6020 0.1730 0.3019
14.8917 BM_ARUCO 12 1.1754 -0.3772 -0.9953 0.0971 0.6120 0.1760 0.2989
15.3311 BM_POSE 0.6760 0.1950 0.2675
15.7084 BM_STATE FAILED
15.7104 BM_DONE 0 15.7085
