# final_ball_mission debug log
# created 2026-04-17T17:01:39.557099
# elapsed_s  EVENT  fields...
#
# BM_START        x0 y0 heading
# BM_STATE        state_name
# BM_POSE         x y heading
# BM_BALL_DET     color cx cy r_px x_r y_r wx wy det_count
# BM_ARUCO        marker_id x_r y_r fnx fny rx ry hdg
# BM_POSE_CORRECT old_rx old_ry new_rx new_ry heading
# BM_PATH         n x1 y1 x2 y2 ...
# BM_REPLAN       reason eff_sx eff_sy n x1 y1 ...
# BM_PICKUP       color elapsed_s
# BM_DELIVER      color quadrant
# BM_DONE         1|0 elapsed_s
# BM_FRAME        filename label
#
0.0012 BM_START 0.0000 0.0000 0.0000
0.0017 BM_STATE SCAN
6.5539 BM_BALL_DET R 545.0000 320.0000 20.0000 0.7653 -0.1733 0.7653 -0.1733 1
10.1508 BM_ARUCO 12 1.0322 0.3541 -0.7331 -0.6801 0.0000 0.0000 0.0000
10.1551 BM_ARUCO 13 1.0111 0.1214 -0.6178 0.7864 0.0000 0.0000 0.0000
10.1556 BM_POSE 0.0000 0.0000 0.0000
10.1592 BM_STATE NAVIGATE_TO_FIRST_BALL
10.2060 BM_PATH 3 0.0000 0.0000 0.8000 0.1000 1.1653 -0.1733
10.3263 BM_BALL_DET R 545.0000 320.0000 20.5000 0.7466 -0.1690 0.7632 -0.1653 2
10.3774 BM_ARUCO 12 1.0414 0.3577 -0.7351 -0.6779 0.0130 0.0000 0.0418
10.3784 BM_ARUCO 13 1.0097 0.1216 -0.6243 0.7812 0.0130 0.0000 0.0418
10.5162 BM_BALL_DET R 562.0000 324.0000 21.5000 0.7110 -0.1809 0.7616 -0.1491 3
10.5530 BM_FRAME frame_00001.jpg nav_R_c0
10.5532 BM_POSE 0.0380 0.0020 0.1016
10.6726 BM_ARUCO 12 1.0500 0.3259 -0.8036 -0.5951 0.0550 0.0040 0.1121
10.7442 BM_BALL_DET R 618.0000 335.0000 22.0000 0.6925 -0.2395 0.7675 -0.1507 4
10.9581 BM_BALL_DET R 630.0000 341.0000 23.0000 0.6611 -0.2418 0.7721 -0.1505 5
10.9794 BM_ARUCO 12 1.0023 0.2544 -0.8203 -0.5720 0.0980 0.0090 0.1225
10.9843 BM_ARUCO 13 0.9615 0.0244 -0.5433 0.8396 0.0980 0.0090 0.1225
10.9984 BM_FRAME frame_00002.jpg nav_R_c0
10.9999 BM_POSE 0.1030 0.0100 0.1255
11.2233 BM_POSE 0.1380 0.0140 0.1300
11.2261 BM_BALL_DET R 654.0000 355.0000 25.5000 0.5937 -0.2406 0.7678 -0.1496 6
11.2627 BM_ARUCO 12 0.9540 0.2430 -0.8155 -0.5787 0.1430 0.0150 0.1285
11.2668 BM_ARUCO 13 0.9120 0.0143 -0.5305 0.8477 0.1430 0.0150 0.1285
11.4233 BM_BALL_DET R 667.0000 366.0000 27.0000 0.5588 -0.2385 0.7629 -0.1483 7
11.4746 BM_FRAME frame_00003.jpg nav_R_c0
11.4749 BM_POSE 0.1750 0.0190 0.1315
11.5644 BM_ARUCO 12 0.9201 0.2405 -0.8349 -0.5504 0.1880 0.0210 0.1300
11.5672 BM_ARUCO 13 0.8674 0.0116 -0.5305 0.8477 0.1880 0.0210 0.1300
11.6945 BM_FRAME frame_00004.jpg fov_edge_R
11.7260 BM_POSE 0.2120 0.0240 0.1300
11.8549 BM_ARUCO 12 0.8748 0.2390 -0.8192 -0.5735 0.2300 0.0260 0.1285
11.8595 BM_ARUCO 13 0.8325 0.0103 -0.5287 0.8488 0.2300 0.0260 0.1285
12.1317 BM_ARUCO 12 0.8291 0.2399 -0.8196 -0.5729 0.2710 0.0310 0.1270
12.1334 BM_ARUCO 13 0.7850 0.0120 -0.5324 0.8465 0.2710 0.0310 0.1270
12.2320 BM_POSE 0.2870 0.0340 0.1240
12.3977 BM_ARUCO 12 0.7923 0.2438 -0.8230 -0.5681 0.3110 0.0370 0.1255
12.3995 BM_ARUCO 13 0.7428 0.0154 -0.5272 0.8497 0.3110 0.0370 0.1255
12.6816 BM_ARUCO 12 0.7492 0.2443 -0.7906 -0.6124 0.3530 0.0420 0.1270
12.6863 BM_ARUCO 13 0.7047 0.0172 -0.5320 0.8467 0.3530 0.0420 0.1270
12.7322 BM_POSE 0.3610 0.0430 0.1285
12.9529 BM_ARUCO 12 0.7078 0.2469 -0.7892 -0.6142 0.3940 0.0470 0.1285
12.9550 BM_ARUCO 13 0.6567 0.0191 -0.5272 0.8497 0.3940 0.0470 0.1285
13.2219 BM_ARUCO 12 0.6691 0.2468 -0.7639 -0.6453 0.4330 0.0520 0.1300
13.2241 BM_ARUCO 13 0.6227 0.0198 -0.5329 0.8462 0.4330 0.0520 0.1300
13.2326 BM_POSE 0.4350 0.0530 0.1300
13.4915 BM_ARUCO 12 0.6310 0.2487 -0.9995 -0.0329 0.4730 0.0570 0.1300
13.4932 BM_ARUCO 13 0.5816 0.0194 -0.5329 0.8462 0.4730 0.0570 0.1300
13.7117 BM_ARUCO 12 0.5931 0.2495 -0.9998 -0.0190 0.5070 0.0620 0.1300
13.7129 BM_ARUCO 13 0.5456 0.0213 -0.5371 0.8435 0.5070 0.0620 0.1300
13.7329 BM_POSE 0.5100 0.0620 0.1300
13.9666 BM_ARUCO 12 0.5635 0.2533 -0.9984 -0.0558 0.5430 0.0670 0.1270
13.9691 BM_ARUCO 13 0.5088 0.0230 -0.5397 0.8419 0.5430 0.0670 0.1270
14.2331 BM_POSE 0.5840 0.0720 0.1300
14.2448 BM_ARUCO 12 0.5334 0.2513 -0.9981 -0.0622 0.5850 0.0720 0.1315
14.2472 BM_ARUCO 13 0.4757 0.0216 -0.5344 0.8452 0.5850 0.0720 0.1315
14.5022 BM_ARUCO 13 0.4327 0.0235 -0.5380 0.8429 0.6230 0.0770 0.1315
14.7334 BM_POSE 0.6570 0.0820 0.1300
14.7626 BM_ARUCO 13 0.3983 0.0241 -0.5384 0.8427 0.6600 0.0820 0.1300
15.0243 BM_ARUCO 13 0.3618 0.0253 -0.5418 0.8405 0.6880 0.0850 0.0732
15.2624 BM_ARUCO 13 0.3344 0.0520 -0.6051 0.7961 0.7110 0.0850 -0.1420
15.6524 BM_POSE 0.7540 0.0680 -0.4857
16.1542 BM_POSE 0.8190 0.0310 -0.5320
16.6545 BM_POSE 0.8820 -0.0060 -0.5276
17.1525 BM_ARUCO 15 0.3710 0.1560 -0.6495 -0.7603 0.9420 -0.0410 -0.5425
17.1550 BM_POSE 0.9420 -0.0410 -0.5425
17.3811 BM_ARUCO 15 0.3721 0.1153 -0.7594 -0.6506 0.9710 -0.0580 -0.5350
17.6040 BM_ARUCO 15 0.3757 0.0455 -0.8839 -0.4677 1.0010 -0.0760 -0.5350
17.6556 BM_POSE 1.0050 -0.0780 -0.5365
17.8103 BM_ARUCO 15 0.3681 -0.0216 -0.9502 -0.3117 1.0050 -0.0780 -0.5365
17.9119 BM_STATE FAILED
17.9136 BM_DONE 0 17.9119
