# final_ball_mission debug log
# created 2026-04-17T16:40:31.682224
# elapsed_s  EVENT  fields...
#
# BM_START        x0 y0 heading
# BM_STATE        state_name
# BM_POSE         x y heading
# BM_BALL_DET     color cx cy r_px x_r y_r wx wy det_count
# BM_ARUCO        marker_id x_r y_r fnx fny rx ry hdg
# BM_POSE_CORRECT old_rx old_ry new_rx new_ry heading
# BM_PATH         n x1 y1 x2 y2 ...
# BM_REPLAN       reason eff_sx eff_sy n x1 y1 ...
# BM_PICKUP       color elapsed_s
# BM_DELIVER      color quadrant
# BM_DONE         1|0 elapsed_s
# BM_FRAME        filename label
#
0.0028 BM_START 0.0000 0.0000 0.0000
0.0043 BM_STATE SCAN
9.8595 BM_BALL_DET B 350.0000 332.0000 22.5000 0.6777 0.0621 0.6777 0.0621 1
10.0238 BM_ARUCO 13 0.9796 0.3323 -0.9130 0.4080 0.0000 0.0000 0.0000
10.0248 BM_POSE 0.0000 0.0000 0.0000
13.4501 BM_BALL_DET R 725.0000 290.0000 16.0000 0.9654 -0.4860 1.0757 -0.1050 1
16.5322 BM_BALL_DET B 569.0000 334.0000 23.0000 0.6626 -0.1766 0.6789 0.0657 2
16.5620 BM_POSE 0.0000 0.0000 0.3662
16.5637 BM_STATE NAVIGATE_TO_FIRST_BALL
16.5661 BM_PATH 2 0.0000 0.0000 0.3970 0.1683
16.6407 BM_BALL_DET B 504.0000 609.0000 7.5000 1.8603 -0.3198 1.0315 0.1585 3
16.8004 BM_ARUCO 12 1.0144 0.1786 -0.6930 -0.7209 0.0230 0.0090 0.3945
16.8033 BM_ARUCO 13 1.0173 -0.0532 -0.6832 0.7302 0.0230 0.0090 0.3945
16.8470 BM_BALL_DET B 573.0000 608.0000 7.5000 1.8621 -0.5412 1.3093 0.1814 4
16.8883 BM_FRAME frame_00001.jpg nav_B_c0
16.8885 BM_POSE 0.0370 0.0150 0.4035
17.0812 BM_ARUCO 12 1.0044 0.1383 -0.7361 -0.6769 0.0640 0.0270 0.4140
17.0876 BM_ARUCO 13 0.9945 -0.0966 -0.6653 0.7466 0.0640 0.0270 0.4140
17.0952 BM_BALL_DET B 636.0000 608.0000 8.0000 1.7473 -0.6922 1.5000 0.1561 5
17.0972 BM_POSE 0.0670 0.0280 0.4140
17.3437 BM_ARUCO 12 0.9449 0.1150 -0.7088 -0.7055 0.0720 0.0300 0.4080
17.3470 BM_ARUCO 13 0.9380 -0.1163 -0.6531 0.7573 0.0720 0.0300 0.4080
17.7179 BM_REPLAN shift_cycle1 0.0710 0.0300 3 0.0710 0.0300 1.5710 -0.1200 1.7299 -0.0367
17.8606 BM_BALL_DET B 571.0000 610.0000 6.5000 2.1472 -0.6168 1.7399 0.1765 6
17.8660 BM_POSE 0.0750 0.0310 0.3512
17.9919 BM_ARUCO 12 0.9523 0.1249 -0.7254 -0.6884 0.0900 0.0340 0.0643
17.9948 BM_ARUCO 13 0.9375 -0.1067 -0.6443 0.7648 0.0900 0.0340 0.0643
18.0615 BM_BALL_DET B 570.0000 609.0000 7.0000 1.9944 -0.5695 1.8439 -0.0451 7
18.0906 BM_FRAME frame_00002.jpg nav_B_c1
18.0907 BM_POSE 0.1050 0.0340 -0.0344
18.2683 BM_BALL_DET B 505.0000 609.0000 7.0000 1.9932 -0.3461 1.9142 -0.1833 8
18.5253 BM_ARUCO 13 0.8697 0.2680 -0.8944 0.4472 0.1340 0.0320 -0.0912
18.7442 BM_REPLAN shift_cycle2 0.1340 0.0320 2 0.1340 0.0320 1.7214 -0.4131
18.8740 BM_BALL_DET B 636.0000 609.0000 8.5000 1.6440 -0.6513 1.8508 -0.3656 9
18.8752 BM_POSE 0.1370 0.0310 -0.1061
19.0156 BM_ARUCO 13 0.8577 0.2595 -0.8914 0.4531 0.1560 0.0290 -0.1734
19.0633 BM_BALL_DET B 572.0000 608.0000 8.0000 1.7457 -0.5044 1.8284 -0.4978 10
19.0966 BM_FRAME frame_00003.jpg nav_B_c2
19.0968 BM_POSE 0.1670 0.0270 -0.2107
19.2853 BM_BALL_DET B 572.0000 608.0000 8.5000 1.6430 -0.4747 1.7752 -0.6101 11
19.5274 BM_ARUCO 13 0.7789 0.4181 -0.9368 0.3498 0.2010 0.0180 -0.2780
19.7451 BM_REPLAN shift_cycle3 0.2010 0.0180 2 0.2010 0.0180 1.7231 -0.3146
19.8552 BM_BALL_DET B 570.0000 609.0000 8.0000 1.7451 -0.4983 1.7698 -0.7045 12
19.8564 BM_POSE 0.2060 0.0170 -0.2675
19.9862 BM_ARUCO 13 0.7624 0.4182 -0.9339 0.3575 0.2260 0.0110 -0.2615
19.9982 BM_BALL_DET B 237.0000 608.0000 8.0000 1.7460 0.5115 1.8529 -0.4771 13
20.0114 BM_FRAME frame_00004.jpg nav_B_c3
20.2110 BM_BALL_DET B 637.0000 609.0000 7.5000 1.8632 -0.7413 1.8672 -0.6785 14
20.2122 BM_POSE 0.2590 0.0030 -0.2331
20.4920 BM_REPLAN shift_cycle4 0.2750 -0.0010 2 0.2750 -0.0010 1.7172 -0.4187
20.6372 BM_BALL_DET B 234.0000 610.0000 5.0000 2.7920 0.8321 2.2621 -0.4079 15
20.6405 BM_POSE 0.2800 -0.0020 -0.2107
20.7207 BM_ARUCO 13 0.7089 0.3679 -0.9130 0.4080 0.2970 -0.0060 -0.2331
20.8255 BM_BALL_DET B 238.0000 610.0000 6.0000 2.3265 0.6777 2.4041 -0.2607 16
20.8654 BM_FRAME frame_00005.jpg nav_B_c4
20.8659 BM_POSE 0.3200 -0.0110 -0.2496
21.0704 BM_BALL_DET B 235.0000 610.0000 5.5000 2.5381 0.7522 2.5803 -0.1846 17
21.0718 BM_POSE 0.3440 -0.0180 -0.2840
26.3499 BM_REPLAN shift_cycle5 0.3440 -0.0180 9 0.3440 -0.0180 0.9940 -0.8680 0.6440 -1.2680 0.6940 -1.4180 0.7940 -1.4680 1.2440 -1.4180 2.6440 -1.0680 2.8940 -0.4180 2.8757 -0.1325
26.4695 BM_BALL_DET B 239.0000 609.0000 6.5000 2.1482 0.6221 2.5803 -0.1420 18
26.4721 BM_POSE 0.3440 -0.0180 -0.2929
26.6945 BM_BALL_DET B 302.0000 609.0000 5.5000 2.5371 0.4610 2.6780 -0.1922 19
26.7377 BM_FRAME frame_00006.jpg nav_B_c5
26.7381 BM_POSE 0.3440 -0.0180 -0.2929
26.8749 BM_BALL_DET B 234.0000 610.0000 5.0000 2.7920 0.8321 2.8518 -0.1428 20
32.0285 BM_REPLAN shift_cycle6 0.3440 -0.0180 8 0.3440 -0.0180 0.9940 -0.8680 0.6440 -1.2680 0.6940 -1.4180 0.7940 -1.4680 1.2440 -1.4180 2.6440 -1.0680 3.1473 -0.0907
32.1621 BM_BALL_DET B 570.0000 610.0000 5.5000 2.5375 -0.7247 2.7319 -0.5830 21
32.1668 BM_POSE 0.3470 -0.0190 -0.3751
32.3576 BM_BALL_DET B 569.0000 610.0000 6.0000 2.3260 -0.6603 2.0308 -1.1452 22
32.3879 BM_FRAME frame_00007.jpg nav_B_c6
32.3881 BM_POSE 0.3660 -0.0410 -1.3421
32.5954 BM_BALL_DET B 568.0000 610.0000 6.0000 2.3260 -0.6563 1.4924 -1.5379 23
32.5965 BM_POSE 0.3660 -0.0410 -1.3495
33.6213 BM_REPLAN shift_cycle7 0.3660 -0.0410 6 0.3660 -0.0410 1.0160 -0.8910 0.6660 -1.2410 0.6660 -1.3910 1.2660 -1.7910 1.5445 -1.8334
33.6943 BM_BALL_DET B 633.0000 610.0000 5.5000 2.5398 -0.9938 1.0321 -1.8978 24
33.6972 BM_POSE 0.3660 -0.0410 -1.3480
33.9197 BM_BALL_DET B 500.0000 610.0000 5.0000 2.7894 -0.4602 0.8825 -2.1874 25
33.9573 BM_FRAME frame_00008.jpg nav_B_c7
33.9585 BM_POSE 0.3660 -0.0410 -1.3480
34.1712 BM_BALL_DET B 636.0000 609.0000 7.0000 1.9962 -0.7909 0.6285 -2.1800 26
34.1743 BM_POSE 0.3660 -0.0410 -1.3480
35.2305 BM_REPLAN shift_cycle8 0.3660 -0.0410 4 0.3660 -0.0410 0.6660 -0.4410 0.3660 -2.2410 0.5764 -2.4754
35.3580 BM_BALL_DET B 303.0000 607.0000 7.5000 1.8617 0.3350 0.7711 -2.0608 27
35.3669 BM_POSE 0.3660 -0.0410 -1.3480
35.5835 BM_BALL_DET B 505.0000 608.0000 8.0000 1.7446 -0.3029 0.6766 -1.9854 28
35.6245 BM_FRAME frame_00009.jpg nav_B_c8
35.6250 BM_POSE 0.3660 -0.0410 -1.3480
35.8373 BM_BALL_DET B 638.0000 608.0000 8.0000 1.7473 -0.6980 0.2808 -1.8859 29
35.8398 BM_POSE 0.3650 -0.0660 -1.7516
36.3607 BM_REPLAN shift_cycle9 0.3630 -0.0910 5 0.3630 -0.0910 0.6130 -0.3410 0.6630 -0.5910 0.0130 -1.8910 0.0880 -2.1157
36.5093 BM_BALL_DET B 639.0000 609.0000 7.0000 1.9963 -0.8008 0.1328 -1.9692 30
36.5113 BM_POSE 0.3630 -0.0920 -1.4541
36.6484 BM_ARUCO 13 0.6487 0.2255 -0.7334 0.6797 0.3750 -0.1200 -0.8937
36.7444 BM_BALL_DET B 638.0000 609.0000 6.5000 2.1499 -0.8589 0.6282 -1.9723 31
36.8017 BM_FRAME frame_00010.jpg nav_B_c9
36.8019 BM_POSE 0.3890 -0.1320 -0.5485
37.4933 BM_REPLAN shift_cycle10 0.3890 -0.1320 6 0.3890 -0.1320 0.4890 -0.3820 0.4890 -1.0820 0.3890 -1.3820 0.3890 -2.0820 0.6282 -2.2723
37.6539 BM_BALL_DET B 636.0000 610.0000 5.5000 2.5399 -1.0064 1.2862 -1.8090 32
37.6553 BM_POSE 0.4120 -0.1400 -0.1136
37.7487 BM_ARUCO 12 0.7141 0.1851 -0.8922 -0.4517 0.4300 -0.1400 0.1823
37.7519 BM_ARUCO 13 0.6362 -0.0344 -0.4193 0.9078 0.4300 -0.1400 0.1823
37.8319 BM_BALL_DET B 370.0000 609.0000 6.0000 2.3248 0.1466 1.6931 -1.0839 33
37.8657 BM_FRAME frame_00011.jpg nav_B_c10
37.8661 BM_POSE 0.4360 -0.1380 0.2645
38.0686 BM_BALL_DET B 303.0000 609.0000 6.0000 2.3256 0.4185 1.9312 -0.4468 34
38.0698 BM_POSE 0.4380 -0.1380 0.3437
38.4099 BM_REPLAN shift_cycle11 0.4720 -0.1100 2 0.4720 -0.1100 1.6714 -0.5968
38.5599 BM_BALL_DET B 640.0000 608.0000 7.5000 1.8639 -0.7507 2.0771 -0.1953 35
38.5609 BM_POSE 0.4720 -0.1100 0.6352
38.7881 BM_BALL_DET B 235.0000 610.0000 5.0000 2.7919 0.8274 2.4660 -0.2614 36
38.8304 BM_FRAME frame_00012.jpg nav_B_c11
38.8306 BM_POSE 0.4780 -0.1060 -0.4140
39.0396 BM_BALL_DET B 236.0000 609.0000 7.5000 1.8618 0.5486 2.3233 -0.5848 37
39.0418 BM_POSE 0.4860 -0.1150 -0.9759
44.5220 BM_REPLAN shift_cycle12 0.5020 -0.1410 8 0.5020 -0.1410 0.4520 -1.1910 0.3020 -1.3410 0.3020 -1.4410 0.4020 -1.5410 2.3020 -1.5910 2.6020 -1.0910 2.6233 -0.5848
44.6667 BM_BALL_DET B 301.0000 610.0000 5.5000 2.5363 0.4652 2.3150 -1.0077 38
44.6676 BM_POSE 0.5030 -0.1410 -0.9834
44.8728 BM_BALL_DET B 301.0000 610.0000 5.0000 2.7899 0.5118 2.3631 -1.3593 39
44.9125 BM_FRAME frame_00013.jpg nav_B_c12
44.9134 BM_POSE 0.5030 -0.1410 -0.9834
45.1285 BM_BALL_DET B 368.0000 610.0000 5.0000 2.7888 0.1857 2.3151 -1.6593 40
45.1299 BM_POSE 0.5030 -0.1410 -0.9834
47.2274 BM_REPLAN shift_cycle13 0.5030 -0.1410 6 0.5030 -0.1410 0.4030 -1.2410 0.3030 -1.3410 0.3030 -1.4410 0.8030 -1.9410 2.4177 -1.9412
47.2827 BM_BALL_DET B 301.0000 610.0000 5.0000 2.7899 0.5118 2.3631 -1.8154 41
47.2845 BM_POSE 0.5030 -0.1410 -0.9834
47.4849 BM_BALL_DET B 302.0000 610.0000 5.5000 2.5363 0.4609 2.3418 -1.8698 42
47.5265 BM_FRAME frame_00014.jpg nav_B_c13
47.5267 BM_POSE 0.5030 -0.1410 -0.9834
47.7314 BM_POSE 0.5030 -0.1410 -0.9834
47.7384 BM_BALL_DET B 369.0000 610.0000 5.0000 2.7888 0.1808 2.2990 -2.0175 43
49.8632 BM_REPLAN shift_cycle14 0.5060 -0.1670 6 0.5060 -0.1670 0.4060 -1.2170 0.3060 -1.3170 0.3060 -1.4670 1.5560 -2.2670 2.3511 -2.3130
49.9969 BM_BALL_DET B 435.0000 611.0000 4.5000 3.0976 -0.1585 1.3930 -2.3173 44
50.0002 BM_POSE 0.5060 -0.1670 -1.9279
50.2419 BM_BALL_DET B 502.0000 611.0000 4.5000 3.0985 -0.5220 0.6552 -2.4883 45
50.2726 BM_FRAME frame_00015.jpg nav_B_c14
50.2728 BM_POSE 0.5060 -0.1670 -1.9279
50.4883 BM_BALL_DET B 500.0000 611.0000 4.5000 3.0984 -0.5112 0.1419 -2.6092 46
50.4900 BM_POSE 0.5060 -0.1670 -1.9279
51.2357 BM_REPLAN shift_cycle15 0.4850 -0.1850 4 0.4850 -0.1850 0.4850 -0.6350 -0.1150 -2.6350 0.0392 -2.8911
51.3419 BM_BALL_DET B 436.0000 610.0000 5.5000 2.5352 -0.1342 -0.5112 -1.9747 47
51.3449 BM_POSE 0.4850 -0.1850 -2.9666
51.5646 BM_BALL_DET B 568.0000 611.0000 4.5000 3.1004 -0.8749 -1.1739 -1.3413 48
51.6000 BM_FRAME frame_00016.jpg nav_B_c15
51.6002 BM_POSE 0.4850 -0.1850 -2.9666
51.8189 BM_BALL_DET B 436.0000 611.0000 4.5000 3.0976 -0.1640 -1.5610 -1.3071 49
51.8210 BM_POSE 0.4600 -0.1920 -2.7484
52.2113 BM_REPLAN shift_cycle16 0.4330 -0.2080 6 0.4330 -0.2080 0.1330 -0.1080 -0.0670 -0.1580 -1.4670 -1.5580 -1.6670 -1.5580 -1.8208 -1.4571
52.3327 BM_BALL_DET B 235.0000 610.0000 5.0000 2.7919 0.8274 -1.4633 -1.6934 50
52.3337 BM_POSE 0.4330 -0.2080 -2.4690
52.5340 BM_BALL_DET B 304.0000 610.0000 5.0000 2.7899 0.4973 -0.9403 -2.0970 51
52.5749 BM_FRAME frame_00017.jpg nav_B_c16
52.5750 BM_POSE 0.4320 -0.2090 -1.6500
52.7878 BM_BALL_DET B 567.0000 611.0000 4.5000 3.1004 -0.8696 -0.8131 -2.4538 52
52.7912 BM_POSE 0.4320 -0.2090 -1.6051
53.1805 BM_REPLAN shift_cycle17 0.4310 -0.2110 5 0.4310 -0.2110 0.4810 -0.4610 0.4810 -0.6110 -1.0690 -2.3610 -1.0429 -2.6466
53.2803 BM_BALL_DET B 435.0000 611.0000 4.5000 3.0976 -0.1585 -1.1795 -2.3448 53
53.2809 BM_POSE 0.4320 -0.2100 -2.4391
53.4571 BM_BALL_DET B 436.0000 610.0000 5.0000 2.7887 -0.1476 -1.1233 -2.4245 54
53.4900 BM_FRAME frame_00018.jpg nav_B_c17
53.4902 BM_POSE 0.4330 -0.2090 -1.9862
53.6778 BM_BALL_DET B 501.0000 610.0000 5.0000 2.7895 -0.4650 -0.8617 -2.5833 55
54.1119 BM_REPLAN shift_cycle18 0.4330 -0.2100 5 0.4330 -0.2100 0.4830 -0.5100 0.4330 -0.6600 -1.1170 -2.5100 -1.0915 -2.7762
54.1668 BM_BALL_DET B 302.0000 611.0000 4.5000 3.0989 0.5631 -0.2794 -2.7961 56
54.1680 BM_POSE 0.4330 -0.2100 -1.5439
54.3644 BM_BALL_DET B 568.0000 611.0000 5.0000 2.7904 -0.7874 -0.2049 -2.8860 57
54.4106 BM_FRAME frame_00019.jpg nav_B_c18
54.4112 BM_POSE 0.4360 -0.2430 -1.4363
54.5877 BM_BALL_DET B 370.0000 610.0000 5.0000 2.7888 0.1759 0.1812 -2.9168 58
54.6183 BM_POSE 0.4410 -0.2730 -1.4034
56.0267 BM_REPLAN shift_cycle19 0.4430 -0.2860 5 0.4430 -0.2860 0.4930 -0.5360 -0.0570 -2.8860 -0.0570 -3.0360 0.1291 -3.2122
56.1293 BM_BALL_DET B 502.0000 610.0000 5.5000 2.5359 -0.4272 0.2533 -2.8984 59
56.1297 BM_POSE 0.4430 -0.2840 -1.4123
56.3226 BM_BALL_DET B 434.0000 611.0000 4.5000 3.0976 -0.1531 0.4128 -3.0388 60
56.3703 BM_FRAME frame_00020.jpg nav_B_c19
56.3705 BM_POSE 0.4430 -0.2840 -1.4109
56.5906 BM_STATE FAILED
56.5917 BM_DONE 0 56.5873
