# final_ball_mission debug log
# created 2026-04-17T18:22:03.878246
# elapsed_s  EVENT  fields...
#
# BM_START        x0 y0 heading
# BM_STATE        state_name
# BM_POSE         x y heading
# BM_BALL_DET     color cx cy r_px x_r y_r wx wy det_count
# BM_ARUCO        marker_id x_r y_r fnx fny rx ry hdg
# BM_POSE_CORRECT old_rx old_ry new_rx new_ry heading
# BM_PATH         n x1 y1 x2 y2 ...
# BM_REPLAN       reason eff_sx eff_sy n x1 y1 ...
# BM_PICKUP       color elapsed_s
# BM_DELIVER      color quadrant
# BM_DONE         1|0 elapsed_s
# BM_FRAME        filename label
#
0.0029 BM_START 0.0000 0.0000 0.0000
0.0038 BM_STATE SCAN
9.8838 BM_BALL_DET B 432.0000 299.0000 18.0000 0.8559 -0.0358 0.8559 -0.0358 1
10.0381 BM_ARUCO 15 1.6430 -0.2511 -0.9361 0.3518 0.0000 0.0000 0.0000
10.0415 BM_ARUCO 12 1.7016 0.0928 -0.9994 -0.0355 0.0000 0.0000 0.0000
10.0424 BM_POSE 0.0000 0.0000 0.0000
10.0442 BM_STATE NAVIGATE_TO_FIRST_BALL
10.0571 BM_PATH 4 0.0000 0.0000 0.9000 0.3000 1.2000 0.0000 1.1559 -0.0358
10.3330 BM_ARUCO 15 1.6659 -0.2552 -0.9995 0.0321 0.0230 0.0020 0.1958
10.3360 BM_ARUCO 12 1.6766 0.0917 -0.9913 0.1317 0.0230 0.0020 0.1958
10.5734 BM_POSE 0.0540 0.0110 0.3109
10.8428 BM_ARUCO 15 1.5201 -0.7368 -0.9950 0.1000 0.0930 0.0240 0.3333
10.8457 BM_ARUCO 12 1.5890 -0.3998 -0.9941 0.1081 0.0930 0.0240 0.3333
11.0741 BM_POSE 0.1270 0.0360 0.3407
11.0986 BM_ARUCO 15 1.4565 -0.7805 -0.5922 0.8058 0.1290 0.0370 0.3393
11.1021 BM_ARUCO 12 1.5404 -0.4563 -0.9934 0.1145 0.1290 0.0370 0.3393
11.3697 BM_ARUCO 15 1.4136 -0.7822 -0.9952 0.0976 0.1670 0.0500 0.3273
11.3741 BM_ARUCO 12 1.4872 -0.4541 -0.8722 0.4891 0.1670 0.0500 0.3273
11.5747 BM_POSE 0.1960 0.0600 0.3183
11.6242 BM_ARUCO 15 1.3838 -0.7627 -0.9958 0.0919 0.2020 0.0620 0.3183
11.6330 BM_ARUCO 12 1.4655 -0.4360 -0.9557 0.2945 0.2020 0.0620 0.3183
11.9027 BM_ARUCO 15 1.3554 -0.7522 -0.9964 0.0852 0.2410 0.0750 0.3183
11.9058 BM_ARUCO 12 1.4207 -0.4194 -0.9163 0.4005 0.2410 0.0750 0.3183
11.9092 BM_ARUCO 17 3.3532 1.5684 -0.5327 0.8463 0.2410 0.0750 0.3183
12.0757 BM_POSE 0.2650 0.0820 0.3228
12.1646 BM_ARUCO 15 1.3152 -0.7439 -0.9968 0.0795 0.2770 0.0860 0.3258
12.1672 BM_ARUCO 12 1.3715 -0.4110 -0.9963 0.0855 0.2770 0.0860 0.3258
12.4227 BM_ARUCO 12 1.3335 -0.4058 -0.9898 0.1422 0.3130 0.0990 0.3243
12.5254 BM_STATE FAILED
12.5263 BM_DONE 0 12.5225
