# final_ball_mission debug log
# created 2026-04-17T16:59:54.694446
# elapsed_s  EVENT  fields...
#
# BM_START        x0 y0 heading
# BM_STATE        state_name
# BM_POSE         x y heading
# BM_BALL_DET     color cx cy r_px x_r y_r wx wy det_count
# BM_ARUCO        marker_id x_r y_r fnx fny rx ry hdg
# BM_POSE_CORRECT old_rx old_ry new_rx new_ry heading
# BM_PATH         n x1 y1 x2 y2 ...
# BM_REPLAN       reason eff_sx eff_sy n x1 y1 ...
# BM_PICKUP       color elapsed_s
# BM_DELIVER      color quadrant
# BM_DONE         1|0 elapsed_s
# BM_FRAME        filename label
#
0.0026 BM_START 0.0000 0.0000 0.0000
0.0035 BM_STATE SCAN
6.2395 BM_BALL_DET R 313.0000 256.0000 11.0000 1.4192 0.2108 1.4192 0.2108 1
9.8697 BM_ARUCO 12 1.7272 0.4091 -1.0000 0.0013 0.0000 0.0000 0.0000
9.8726 BM_ARUCO 15 1.8020 0.0695 -0.9930 0.1177 0.0000 0.0000 0.0000
9.8734 BM_POSE 0.0000 0.0000 0.0000
9.8778 BM_STATE NAVIGATE_TO_FIRST_BALL
10.0060 BM_PATH 4 0.0000 0.0000 1.5000 -0.0500 1.7000 0.1500 1.7192 0.2108
10.1800 BM_BALL_DET R 313.0000 256.0000 11.0000 1.4192 0.2108 1.4234 0.2070 2
10.1813 BM_POSE 0.0120 -0.0000 -0.0090
10.2742 BM_ARUCO 12 1.7474 0.4133 -0.9158 -0.4017 0.0260 -0.0000 -0.0000
10.2765 BM_ARUCO 15 1.8020 0.0695 -0.9930 0.1177 0.0260 -0.0000 -0.0000
10.3739 BM_BALL_DET R 320.0000 256.0000 11.5000 1.3575 0.1865 1.4163 0.1984 3
10.4104 BM_FRAME frame_00001.jpg nav_R_c0
10.4111 BM_POSE 0.0460 -0.0000 -0.0105
10.5522 BM_ARUCO 12 1.7248 0.3845 -1.0000 -0.0036 0.0660 -0.0010 -0.0314
10.5578 BM_ARUCO 15 1.7555 0.0388 -0.9933 0.1159 0.0660 -0.0010 -0.0314
10.6245 BM_BALL_DET R 309.0000 259.0000 12.0000 1.2998 0.2015 1.4068 0.1838 4
10.6263 BM_POSE 0.0780 -0.0010 -0.0389
10.8448 BM_ARUCO 12 1.6803 0.4575 -0.9977 -0.0677 0.1090 -0.0020 -0.0389
10.8492 BM_BALL_DET R 288.0000 262.0000 12.5000 1.2466 0.2353 1.3946 0.1835 5
10.8533 BM_ARUCO 15 1.7259 0.1110 -0.9993 -0.0385 0.1090 -0.0020 -0.0389
10.9017 BM_FRAME frame_00002.jpg nav_R_c0
10.9018 BM_POSE 0.1190 -0.0030 -0.0433
11.1269 BM_BALL_DET R 275.0000 264.0000 13.5000 1.1536 0.2418 1.3706 0.1852 6
11.1298 BM_POSE 0.1520 -0.0040 -0.0418
11.1366 BM_ARUCO 12 1.6258 0.4815 -0.8902 -0.4556 0.1520 -0.0040 -0.0418
11.1400 BM_ARUCO 15 1.6641 0.1349 -0.9979 -0.0646 0.1520 -0.0040 -0.0418
11.3462 BM_BALL_DET R 273.0000 268.0000 14.0000 1.1110 0.2367 1.3506 0.1872 7
11.3794 BM_FRAME frame_00003.jpg nav_R_c0
11.3795 BM_POSE 0.1900 -0.0060 -0.0344
11.4417 BM_ARUCO 12 1.5626 0.4710 -0.9972 -0.0746 0.1980 -0.0060 -0.0344
11.4495 BM_ARUCO 15 1.6342 0.1317 -0.9854 -0.1703 0.1980 -0.0060 -0.0344
11.5770 BM_BALL_DET R 271.0000 271.0000 14.0000 1.1100 0.2402 1.3456 0.1893 8
11.7285 BM_ARUCO 12 1.5479 0.4654 -0.9873 -0.1586 0.2170 -0.0060 -0.0224
11.7316 BM_ARUCO 15 1.5654 0.1162 -0.9589 -0.2838 0.2170 -0.0060 -0.0224
11.8799 BM_REPLAN shift_cycle1 0.2170 -0.0060 2 0.2170 -0.0060 1.1157 -0.0035
12.0107 BM_BALL_DET R 282.0000 274.0000 14.0000 1.1090 0.2207 1.3433 0.1917 9
12.0112 BM_POSE 0.2260 -0.0070 -0.0149
12.1181 BM_ARUCO 12 1.5274 0.4353 -0.9999 -0.0109 0.2410 -0.0070 -0.0045
12.1237 BM_ARUCO 15 1.5771 0.0921 -0.9982 -0.0591 0.2410 -0.0070 -0.0045
12.2014 BM_BALL_DET R 287.0000 276.0000 14.0000 1.1083 0.2118 1.3491 0.1966 10
12.2327 BM_FRAME frame_00004.jpg nav_R_c1
12.2330 BM_POSE 0.2590 -0.0070 0.0060
12.4075 BM_ARUCO 12 1.5188 0.3966 -0.9897 -0.1432 0.2840 -0.0060 0.0120
12.4118 BM_ARUCO 15 1.5361 0.0476 -0.9959 -0.0905 0.2840 -0.0060 0.0120
12.4501 BM_BALL_DET R 298.0000 278.0000 14.5000 1.0694 0.1857 1.3519 0.1968 11
12.4505 BM_POSE 0.2920 -0.0060 0.0164
12.6691 BM_BALL_DET R 306.0000 282.0000 15.0000 1.0325 0.1662 1.3528 0.1918 12
12.7036 BM_FRAME frame_00005.jpg nav_R_c1
12.7044 BM_POSE 0.3300 -0.0060 0.0179
12.7158 BM_ARUCO 12 1.4732 0.3572 -0.9981 -0.0609 0.3320 -0.0060 0.0179
12.7246 BM_ARUCO 15 1.5066 0.0106 -0.9951 -0.0993 0.3320 -0.0060 0.0179
12.8916 BM_BALL_DET R 297.0000 287.0000 16.0000 0.9665 0.1698 1.3442 0.1828 13
12.9804 BM_ARUCO 12 1.4542 0.3775 -0.9766 -0.2150 0.3700 -0.0050 -0.0060
12.9813 BM_ARUCO 15 1.4564 0.0249 -0.9800 -0.1990 0.3700 -0.0050 -0.0060
13.0228 BM_BALL_DET R 280.0000 291.0000 17.0000 0.9085 0.1847 1.3268 0.1787 14
13.0347 BM_FRAME frame_00006.jpg nav_R_c1
13.0348 BM_POSE 0.3780 -0.0060 -0.0090
13.2297 BM_BALL_DET R 273.0000 294.0000 17.5000 0.8817 0.1894 1.3155 0.1781 15
13.2559 BM_ARUCO 12 1.3838 0.4012 -0.9999 0.0156 0.4080 -0.0060 -0.0075
13.2625 BM_ARUCO 15 1.4187 0.0560 -0.9820 -0.1889 0.4080 -0.0060 -0.0075
13.3921 BM_POSE 0.4300 -0.0060 -0.0090
13.4121 BM_BALL_DET R 265.0000 299.0000 18.0000 0.8559 0.1951 1.3077 0.1795 16
13.4469 BM_FRAME frame_00007.jpg nav_R_c1
13.5538 BM_ARUCO 12 1.3373 0.4108 -0.9998 -0.0199 0.4540 -0.0060 -0.0075
13.5593 BM_ARUCO 15 1.3721 0.0681 -0.9961 0.0886 0.4540 -0.0060 -0.0075
13.6315 BM_BALL_DET R 254.0000 307.0000 19.0000 0.8088 0.1992 1.2981 0.1825 17
13.6327 BM_POSE 0.4660 -0.0060 -0.0060
13.8324 BM_BALL_DET R 249.0000 311.0000 19.5000 0.7871 0.2005 1.2931 0.1868 18
13.8501 BM_ARUCO 12 1.2997 0.4173 -0.9989 -0.0463 0.4970 -0.0060 0.0030
13.8581 BM_ARUCO 15 1.3287 0.0712 -0.9797 -0.2007 0.4970 -0.0060 0.0030
13.8826 BM_FRAME frame_00008.jpg nav_R_c1
13.8827 BM_POSE 0.5030 -0.0060 0.0045
14.1326 BM_ARUCO 12 1.2578 0.4038 -0.9994 -0.0348 0.5200 -0.0060 0.0105
14.1365 BM_ARUCO 15 1.2878 0.0585 -0.9865 -0.1635 0.5200 -0.0060 0.0105
14.2683 BM_REPLAN shift_cycle2 0.5200 -0.0060 2 0.5200 -0.0060 1.1003 -0.0430
14.3729 BM_BALL_DET R 255.0000 321.0000 20.5000 0.7464 0.1834 1.2868 0.1833 19
14.3741 BM_POSE 0.5250 -0.0060 -0.0030
14.5266 BM_ARUCO 12 1.2521 0.3891 -0.9977 -0.0679 0.5450 -0.0060 -0.0224
14.5308 BM_ARUCO 15 1.2714 0.0422 -0.9824 -0.1867 0.5450 -0.0060 -0.0224
14.5666 BM_BALL_DET R 248.0000 323.0000 22.0000 0.6951 0.1788 1.2759 0.1743 20
14.6025 BM_FRAME frame_00009.jpg nav_R_c2
14.6026 BM_POSE 0.5570 -0.0070 -0.0299
14.8023 BM_BALL_DET R 223.0000 331.0000 22.0000 0.6933 0.2068 1.2799 0.1707 21
14.8117 BM_POSE 0.5870 -0.0080 -0.0523
14.8270 BM_ARUCO 12 1.2112 0.4210 -1.0000 -0.0013 0.5900 -0.0080 -0.0538
14.8308 BM_ARUCO 15 1.2450 0.0752 -0.9913 -0.1314 0.5900 -0.0080 -0.0538
15.0182 BM_BALL_DET R 193.0000 340.0000 24.5000 0.6209 0.2156 1.2713 0.1671 22
15.0511 BM_FRAME frame_00010.jpg nav_R_c2
15.0513 BM_POSE 0.6210 -0.0100 -0.0762
15.1369 BM_ARUCO 12 1.1496 0.4630 -0.9999 0.0123 0.6350 -0.0110 -0.0807
15.1399 BM_ARUCO 15 1.1970 0.1211 -0.9761 -0.2172 0.6350 -0.0110 -0.0807
15.2256 BM_BALL_DET R 163.0000 352.0000 25.0000 0.6062 0.2400 1.2712 0.1699 23
15.2792 BM_POSE 0.6550 -0.0130 -0.0822
15.4565 BM_FRAME frame_00011.jpg fov_edge_R
15.4745 BM_ARUCO 12 1.1110 0.4906 -0.9999 0.0168 0.6830 -0.0150 -0.0822
15.4825 BM_ARUCO 15 1.1482 0.1463 -0.9667 -0.2558 0.6830 -0.0150 -0.0822
15.7454 BM_ARUCO 12 1.0610 0.4957 -0.9997 0.0229 0.7230 -0.0180 -0.0643
15.7535 BM_ARUCO 15 1.0997 0.1524 -0.9874 -0.1583 0.7230 -0.0180 -0.0643
15.7800 BM_POSE 0.7290 -0.0190 -0.0613
16.0207 BM_ARUCO 12 1.0316 0.4807 -0.9999 0.0173 0.7640 -0.0210 -0.0598
16.0237 BM_ARUCO 15 1.0590 0.1351 -0.9843 -0.1763 0.7640 -0.0210 -0.0598
16.0263 BM_ARUCO 14 0.8729 0.2783 0.1828 -0.9832 0.7640 -0.0210 -0.0598
16.2815 BM_POSE 0.8040 -0.0230 -0.0598
16.2973 BM_ARUCO 12 0.9902 0.4723 -0.9990 0.0447 0.8050 -0.0230 -0.0583
16.3006 BM_ARUCO 15 1.0176 0.1289 -0.9715 -0.2370 0.8050 -0.0230 -0.0583
16.3056 BM_ARUCO 14 0.8436 0.2758 0.1637 -0.9865 0.8050 -0.0230 -0.0583
16.5003 BM_ARUCO 12 0.9522 0.4646 -0.9989 0.0471 0.8360 -0.0250 -0.0583
16.5030 BM_ARUCO 15 0.9772 0.1209 -0.9875 -0.1576 0.8360 -0.0250 -0.0583
16.5052 BM_ARUCO 14 0.8006 0.2682 0.1612 -0.9869 0.8360 -0.0250 -0.0583
16.7634 BM_ARUCO 12 0.9272 0.4627 -0.9985 0.0545 0.8740 -0.0270 -0.0628
16.7670 BM_ARUCO 15 0.9462 0.1184 -0.9409 -0.3386 0.8740 -0.0270 -0.0628
16.7689 BM_ARUCO 14 0.7749 0.2675 0.1598 -0.9871 0.8740 -0.0270 -0.0628
16.7824 BM_POSE 0.8780 -0.0280 -0.0643
17.0552 BM_ARUCO 12 0.8930 0.4656 -0.9982 0.0608 0.9170 -0.0300 -0.0702
17.0593 BM_ARUCO 15 0.9092 0.1218 -0.9996 -0.0280 0.9170 -0.0300 -0.0702
17.0624 BM_ARUCO 14 0.7345 0.2682 0.1673 -0.9859 0.9170 -0.0300 -0.0702
17.2828 BM_POSE 0.9520 -0.0330 -0.0747
17.3421 BM_ARUCO 15 0.8695 0.1323 -0.9734 -0.2291 0.9600 -0.0330 -0.0747
17.3445 BM_ARUCO 14 0.6900 0.2762 0.1741 -0.9847 0.9600 -0.0330 -0.0747
17.6194 BM_ARUCO 15 0.8227 0.1426 -0.9824 -0.1867 1.0010 -0.0360 -0.0732
17.6220 BM_ARUCO 14 0.6470 0.2847 0.1858 -0.9826 1.0010 -0.0360 -0.0732
17.7831 BM_POSE 1.0260 -0.0380 -0.0687
17.8898 BM_ARUCO 15 0.7842 0.1459 -0.9940 -0.1091 1.0410 -0.0390 -0.0702
17.8916 BM_ARUCO 14 0.6165 0.2904 0.1949 -0.9808 1.0410 -0.0390 -0.0702
18.1633 BM_ARUCO 15 0.7466 0.1453 -0.9788 -0.2047 1.0580 -0.0400 -0.0643
18.1659 BM_ARUCO 14 0.5775 0.2888 0.1939 -0.9810 1.0580 -0.0400 -0.0643
19.4689 BM_ARUCO 14 0.5977 -0.1948 -0.5708 -0.8211 1.0580 -0.0400 0.7084
22.6341 BM_POSE 1.0580 -0.0400 0.7084
22.8365 BM_POSE 1.0620 -0.0370 0.7742
23.1319 BM_POSE 1.0680 -0.0310 0.8982
23.3872 BM_POSE 1.0700 -0.0280 0.9565
23.5967 BM_POSE 1.0730 -0.0230 0.9595
23.8010 BM_POSE 1.0770 -0.0180 0.9580
24.0957 BM_POSE 1.0870 -0.0040 0.9460
24.3876 BM_POSE 1.1080 0.0260 0.9341
25.4490 BM_STATE FAILED
25.4507 BM_DONE 0 25.4472
