# final_ball_mission debug log
# created 2026-04-17T18:33:43.211927
# elapsed_s  EVENT  fields...
#
# BM_START        x0 y0 heading
# BM_STATE        state_name
# BM_POSE         x y heading
# BM_BALL_DET     color cx cy r_px x_r y_r wx wy det_count
# BM_ARUCO        marker_id x_r y_r fnx fny rx ry hdg
# BM_POSE_CORRECT old_rx old_ry new_rx new_ry heading
# BM_PATH         n x1 y1 x2 y2 ...
# BM_REPLAN       reason eff_sx eff_sy n x1 y1 ...
# BM_PICKUP       color elapsed_s
# BM_DELIVER      color quadrant
# BM_DONE         1|0 elapsed_s
# BM_FRAME        filename label
#
0.0011 BM_START 0.0000 0.0000 0.0000
0.0021 BM_STATE SCAN
10.1270 BM_BALL_DET B 366.0000 260.0000 12.5000 1.2474 0.0799 1.2474 0.0799 1
10.2896 BM_ARUCO 12 1.7360 0.3182 -0.9615 -0.2749 0.0000 0.0000 0.0000
10.2943 BM_ARUCO 15 1.7868 -0.0245 -0.9966 -0.0823 0.0000 0.0000 0.0000
10.2955 BM_POSE 0.0000 0.0000 0.0000
10.2987 BM_STATE NAVIGATE_TO_FIRST_BALL
10.3199 BM_PATH 3 0.0000 0.0000 1.3500 0.4500 1.5474 0.0799
10.3903 BM_BALL_DET B 659.0000 585.0000 8.0000 1.7604 -0.7619 1.4085 -0.1575 2
10.4517 BM_ARUCO 12 1.7316 0.3179 -0.9295 -0.3687 0.0090 0.0000 0.0762
10.4526 BM_ARUCO 15 1.7868 -0.0245 -0.9966 -0.0823 0.0090 0.0000 0.0762
10.5806 BM_BALL_DET B 659.0000 585.0000 7.5000 1.8778 -0.8127 1.5902 -0.2482 3
10.6136 BM_FRAME frame_00001.jpg nav_B_c0
10.6137 BM_POSE 0.0260 0.0030 0.2212
10.8287 BM_POSE 0.0540 0.0110 0.3258
11.1360 BM_REPLAN shift_cycle1 0.0650 0.0150 3 0.0650 0.0150 0.5150 -0.2850 1.3604 -0.4410
11.2301 BM_BALL_DET B 658.0000 585.0000 7.0000 2.0119 -0.8674 1.7834 -0.2617 4
11.2312 BM_POSE 0.0650 0.0150 0.2660
11.3861 BM_ARUCO 15 1.6802 -0.4807 -0.9894 0.1450 0.0690 0.0150 0.0105
11.3929 BM_ARUCO 12 1.7057 -0.1337 -0.9964 -0.0846 0.0690 0.0150 0.0105
11.6510 BM_POSE 0.0900 0.0090 -0.4409
11.7594 BM_REPLAN shift_cycle2 0.0970 0.0060 3 0.0970 0.0060 0.3970 -0.2940 1.5015 -0.3643
12.2724 BM_POSE 0.1420 -0.0300 -0.7771
12.7727 BM_POSE 0.1940 -0.0840 -0.8055
13.2734 BM_POSE 0.2460 -0.1370 -0.7951
13.7737 BM_POSE 0.2970 -0.1900 -0.7981
14.7145 BM_POSE 0.3810 -0.2380 -0.1629
15.2221 BM_POSE 0.4560 -0.2470 -0.1121
15.2359 BM_ARUCO 15 1.3319 0.4953 -0.9965 -0.0835 0.4580 -0.2470 -0.1106
15.2384 BM_ARUCO 14 1.1611 0.6206 0.3045 -0.9525 0.4580 -0.2470 -0.1106
15.4976 BM_ARUCO 15 1.3007 0.5075 -0.9978 -0.0660 0.4960 -0.2520 -0.1181
15.7233 BM_POSE 0.5290 -0.2560 -0.1211
15.7712 BM_ARUCO 15 1.2432 0.5089 -0.9976 -0.0691 0.5350 -0.2570 -0.1211
16.0623 BM_ARUCO 15 1.2115 0.5119 -0.9976 -0.0697 0.5780 -0.2620 -0.1181
16.2245 BM_POSE 0.6030 -0.2650 -0.1166
16.3321 BM_ARUCO 15 1.1687 0.5171 -0.9992 -0.0406 0.6180 -0.2660 -0.1121
16.6151 BM_ARUCO 15 1.1429 0.5273 -0.9991 -0.0431 0.6600 -0.2710 -0.1091
16.7302 BM_POSE 0.6770 -0.2730 -0.1076
16.9132 BM_ARUCO 15 1.0868 0.5186 -0.9998 -0.0206 0.7040 -0.2760 -0.1076
17.1331 BM_ARUCO 15 1.0474 0.5197 -0.9999 -0.0153 0.7370 -0.2800 -0.1091
17.2323 BM_POSE 0.7520 -0.2810 -0.1121
17.4018 BM_ARUCO 15 1.0214 0.5186 -0.9999 -0.0160 0.7760 -0.2840 -0.1121
17.6954 BM_ARUCO 15 0.9836 0.5206 -1.0000 -0.0096 0.8200 -0.2890 -0.1106
17.7334 BM_POSE 0.8270 -0.2900 -0.1121
18.2343 BM_POSE 0.9010 -0.2980 -0.1091
18.7370 BM_POSE 0.9760 -0.3060 -0.1091
19.2373 BM_POSE 1.0500 -0.3140 -0.1106
19.7376 BM_POSE 1.1240 -0.3220 -0.1106
20.2390 BM_POSE 1.1990 -0.3310 -0.1091
20.7394 BM_POSE 1.2730 -0.3390 -0.1121
21.2412 BM_POSE 1.3480 -0.3470 -0.1106
21.7419 BM_POSE 1.4220 -0.3560 -0.1076
26.2373 BM_POSE 1.4620 -0.3600 0.2645
26.5183 BM_POSE 1.5170 -0.3410 0.3781
26.7345 BM_POSE 1.5690 -0.3170 0.4887
27.0296 BM_POSE 1.6310 -0.2800 0.5948
27.3843 BM_POSE 1.6960 -0.2300 0.7263
27.6137 BM_POSE 1.7300 -0.1970 0.8055
28.8563 BM_STATE FAILED
28.8590 BM_DONE 0 28.8570
