# final_ball_mission debug log
# created 2026-04-17T17:13:17.754122
# elapsed_s  EVENT  fields...
#
# BM_START        x0 y0 heading
# BM_STATE        state_name
# BM_POSE         x y heading
# BM_BALL_DET     color cx cy r_px x_r y_r wx wy det_count
# BM_ARUCO        marker_id x_r y_r fnx fny rx ry hdg
# BM_POSE_CORRECT old_rx old_ry new_rx new_ry heading
# BM_PATH         n x1 y1 x2 y2 ...
# BM_REPLAN       reason eff_sx eff_sy n x1 y1 ...
# BM_PICKUP       color elapsed_s
# BM_DELIVER      color quadrant
# BM_DONE         1|0 elapsed_s
# BM_FRAME        filename label
#
0.0031 BM_START 0.0000 0.0000 0.0000
0.0047 BM_STATE SCAN
10.9224 BM_BALL_DET B 740.0000 303.0000 18.5000 0.8316 -0.4385 0.8316 -0.4385 1
11.1952 BM_ARUCO 12 1.2030 0.0810 -0.8022 -0.5970 0.0000 0.0000 0.0000
11.2009 BM_ARUCO 13 1.1616 -0.1501 -0.5607 0.8280 0.0000 0.0000 0.0000
11.2021 BM_POSE 0.0000 0.0000 0.0000
17.5882 BM_POSE 0.0010 0.0000 0.3766
23.8883 BM_POSE -0.0000 0.0270 -1.0267
27.2820 BM_BALL_DET R 397.0000 276.0000 9.0000 1.7240 0.0252 1.3860 -1.0067 1
30.3713 BM_BALL_DET B 232.0000 291.0000 16.5000 0.9360 0.2623 0.8537 -0.4086 2
30.4345 BM_POSE 0.0030 0.0230 -0.6546
30.4364 BM_STATE NAVIGATE_TO_FIRST_BALL
30.4450 BM_PATH 12 0.0030 0.0230 0.0530 -0.0270 0.1030 -0.0770 0.1530 -0.0770 0.2030 -0.0770 0.2530 -0.0770 0.3030 -0.0770 0.3530 -0.0770 0.4030 -0.0770 0.4530 -0.0770 0.5030 -0.0770 0.5966 -0.1022
31.4841 BM_ARUCO 13 1.0468 0.5063 -0.8941 0.4480 0.0880 -0.0330 -0.3990
31.7355 BM_ARUCO 13 1.0452 0.4011 -0.8642 0.5032 0.1150 -0.0430 -0.2959
31.9903 BM_ARUCO 12 1.0294 0.5346 -0.4375 -0.8992 0.1480 -0.0510 -0.2286
31.9943 BM_ARUCO 13 1.0196 0.2896 -0.8122 0.5834 0.1480 -0.0510 -0.2286
32.2703 BM_ARUCO 12 1.0078 0.4534 -0.5224 -0.8527 0.1840 -0.0590 -0.1704
32.2730 BM_ARUCO 13 1.0148 0.2157 -0.7802 0.6256 0.1840 -0.0590 -0.1704
32.5474 BM_ARUCO 12 0.9764 0.3884 -0.5761 -0.8174 0.2210 -0.0640 -0.1270
32.5521 BM_ARUCO 13 0.9794 0.1536 -0.7290 0.6845 0.2210 -0.0640 -0.1270
32.8218 BM_ARUCO 12 0.9683 0.3498 -0.6679 -0.7443 0.2600 -0.0680 -0.0897
32.8239 BM_ARUCO 13 0.9571 0.1091 -0.6974 0.7167 0.2600 -0.0680 -0.0897
33.1250 BM_ARUCO 12 0.9280 0.3117 -0.6745 -0.7383 0.3030 -0.0710 -0.0598
33.1277 BM_ARUCO 13 0.9191 0.0760 -0.6813 0.7320 0.3030 -0.0710 -0.0598
33.3984 BM_ARUCO 12 0.8929 0.2914 -0.7086 -0.7056 0.3420 -0.0730 -0.0388
33.4012 BM_ARUCO 13 0.8747 0.0563 -0.6608 0.7505 0.3420 -0.0730 -0.0388
33.6629 BM_ARUCO 12 0.8605 0.2713 -0.7354 -0.6776 0.3810 -0.0750 -0.0269
33.6660 BM_ARUCO 13 0.8441 0.0362 -0.6455 0.7638 0.3810 -0.0750 -0.0269
33.9505 BM_ARUCO 12 0.8273 0.2640 -0.7326 -0.6807 0.4200 -0.0760 -0.0837
33.9527 BM_ARUCO 13 0.8145 0.0299 -0.6445 0.7646 0.4200 -0.0760 -0.0837
34.2275 BM_ARUCO 12 0.7750 0.3249 -0.6196 -0.7849 0.4560 -0.0810 -0.1494
34.2314 BM_ARUCO 13 0.7624 0.0893 -0.6802 0.7330 0.4560 -0.0810 -0.1494
34.3621 BM_POSE 0.4770 -0.0840 -0.1674
34.5256 BM_ARUCO 12 0.7197 0.3755 -0.5023 -0.8647 0.4890 -0.0860 -0.1554
34.5283 BM_ARUCO 13 0.7120 0.1405 -0.7447 0.6674 0.4890 -0.0860 -0.1554
34.6929 BM_ARUCO 13 0.6988 0.1437 -0.7431 0.6692 0.4870 -0.0860 -0.1539
34.9312 BM_ARUCO 12 0.7011 0.3646 -0.5071 -0.8619 0.4870 -0.0860 -0.1554
34.9379 BM_ARUCO 13 0.6951 0.1312 -0.7372 0.6757 0.4870 -0.0860 -0.1554
35.3086 BM_ARUCO 12 0.7029 0.3658 -0.5172 -0.8559 0.4870 -0.0860 -0.1554
35.3142 BM_ARUCO 13 0.6911 0.1305 -0.7346 0.6785 0.4870 -0.0860 -0.1554
35.6992 BM_ARUCO 12 0.7029 0.3658 -0.5172 -0.8559 0.4870 -0.0860 -0.1554
35.7052 BM_ARUCO 13 0.6911 0.1305 -0.7346 0.6785 0.4870 -0.0860 -0.1554
36.1865 BM_ARUCO 12 0.7029 0.3658 -0.5172 -0.8559 0.4870 -0.0860 -0.1554
36.1939 BM_ARUCO 13 0.6911 0.1305 -0.7346 0.6785 0.4870 -0.0860 -0.1554
36.5773 BM_ARUCO 12 0.7029 0.3658 -0.5172 -0.8559 0.4870 -0.0860 -0.1554
36.5832 BM_ARUCO 13 0.6911 0.1305 -0.7346 0.6785 0.4870 -0.0860 -0.1554
36.9235 BM_ARUCO 12 0.7029 0.3658 -0.5172 -0.8559 0.4870 -0.0860 -0.1554
36.9284 BM_ARUCO 13 0.6911 0.1305 -0.7346 0.6785 0.4870 -0.0860 -0.1554
37.1234 BM_ARUCO 12 0.7029 0.3658 -0.5172 -0.8559 0.4870 -0.0860 -0.1554
37.1280 BM_ARUCO 13 0.6911 0.1305 -0.7346 0.6785 0.4870 -0.0860 -0.1554
37.6687 BM_ARUCO 12 0.7029 0.3658 -0.5172 -0.8559 0.4870 -0.0860 -0.1554
37.6800 BM_ARUCO 13 0.6911 0.1305 -0.7346 0.6785 0.4870 -0.0860 -0.1554
38.1594 BM_ARUCO 12 0.7029 0.3658 -0.5172 -0.8559 0.4870 -0.0860 -0.1554
38.1630 BM_ARUCO 13 0.6911 0.1305 -0.7346 0.6785 0.4870 -0.0860 -0.1554
38.6655 BM_ARUCO 12 0.7029 0.3658 -0.5172 -0.8559 0.4870 -0.0860 -0.1554
38.6697 BM_ARUCO 13 0.6911 0.1305 -0.7346 0.6785 0.4870 -0.0860 -0.1554
39.2062 BM_ARUCO 12 0.7029 0.3658 -0.5172 -0.8559 0.4870 -0.0860 -0.1554
39.2117 BM_ARUCO 13 0.6911 0.1305 -0.7346 0.6785 0.4870 -0.0860 -0.1554
39.5628 BM_ARUCO 12 0.7029 0.3658 -0.5172 -0.8559 0.4870 -0.0860 -0.1554
39.5654 BM_ARUCO 13 0.6911 0.1305 -0.7346 0.6785 0.4870 -0.0860 -0.1554
40.3185 BM_REPLAN shift_cycle1 0.4870 -0.0860 37 0.4870 -0.0860 0.4370 -0.1360 0.3870 -0.1360 0.3370 -0.1360 0.2870 -0.1860 0.2370 -0.1860 0.1870 -0.2360 0.1370 -0.2360 0.0870 -0.2860 0.0370 -0.3360 -0.0130 -0.3860 -0.0630 -0.4360 -0.0630 -0.4860 -0.0630 -0.5360 -0.0630 -0.5860 -0.0630 -0.6360 -0.0630 -0.6860 -0.0130 -0.7360 -0.0130 -0.7860 0.0370 -0.8360 0.0870 -0.8860 0.1370 -0.9360 0.1870 -0.9360 0.2370 -0.9360 0.2870 -0.9360 0.3370 -0.9360 0.3870 -0.9360 0.4370 -0.9360 0.4870 -0.9360 0.5370 -0.8860 0.5870 -0.8360 0.6370 -0.8360 0.6870 -0.8360 0.7370 -0.8360 0.7870 -0.8360 0.8370 -0.8360 0.9235 -0.7880
40.5229 BM_ARUCO 12 0.7029 0.3658 -0.5172 -0.8559 0.4870 -0.0860 -0.1554
40.5252 BM_ARUCO 13 0.6911 0.1305 -0.7346 0.6785 0.4870 -0.0860 -0.1554
40.8279 BM_POSE 0.4870 -0.0850 -1.0222
46.7772 BM_REPLAN shift_cycle2 0.4860 -0.0830 37 0.4860 -0.0830 0.4360 -0.1330 0.3860 -0.1830 0.3360 -0.1830 0.2860 -0.1830 0.2360 -0.1830 0.1860 -0.2330 0.1360 -0.2330 0.0860 -0.2830 0.0360 -0.3330 -0.0140 -0.3830 -0.0640 -0.4330 -0.0640 -0.4830 -0.0640 -0.5330 -0.0640 -0.5830 -0.0640 -0.6330 -0.0640 -0.6830 -0.0140 -0.7330 -0.0140 -0.7830 0.0360 -0.8330 0.0860 -0.8830 0.1360 -0.9330 0.1860 -0.9330 0.2360 -0.9330 0.2860 -0.9830 0.3360 -0.9830 0.3860 -0.9830 0.4360 -0.9830 0.4860 -0.9330 0.5360 -0.8830 0.5860 -0.8330 0.6360 -0.7830 0.6860 -0.7830 0.7360 -0.7830 0.7860 -0.7830 0.8360 -0.7830 0.9235 -0.7880
47.2865 BM_POSE 0.4860 -0.0810 -2.2133
53.0228 BM_REPLAN shift_cycle3 0.4870 -0.0800 37 0.4870 -0.0800 0.4370 -0.1300 0.3870 -0.1800 0.3370 -0.1800 0.2870 -0.1800 0.2370 -0.1800 0.1870 -0.2300 0.1370 -0.2300 0.0870 -0.2800 0.0370 -0.3300 -0.0130 -0.3800 -0.0130 -0.4300 -0.0630 -0.4800 -0.0630 -0.5300 -0.0630 -0.5800 -0.0630 -0.6300 -0.0630 -0.6800 -0.0130 -0.7300 -0.0130 -0.7800 0.0370 -0.8300 0.0870 -0.8800 0.1370 -0.9300 0.1870 -0.9300 0.2370 -0.9300 0.2870 -0.9800 0.3370 -0.9800 0.3870 -0.9800 0.4370 -0.9800 0.4870 -0.9300 0.5370 -0.8800 0.5870 -0.8300 0.6370 -0.7800 0.6870 -0.7800 0.7370 -0.7800 0.7870 -0.7800 0.8370 -0.7800 0.9235 -0.7880
55.1683 BM_POSE 0.2780 -0.1840 -2.7334
60.8843 BM_REPLAN shift_cycle4 0.2700 -0.1870 34 0.2700 -0.1870 0.2200 -0.1870 0.1700 -0.2370 0.1200 -0.2370 0.0700 -0.2870 0.0200 -0.3370 -0.0300 -0.3870 -0.0300 -0.4370 -0.0800 -0.4870 -0.0800 -0.5370 -0.1300 -0.5870 -0.0800 -0.6370 -0.0300 -0.6870 -0.0300 -0.7370 0.0200 -0.7870 0.0200 -0.8370 0.0700 -0.8870 0.1200 -0.9370 0.1700 -0.9370 0.2200 -0.9370 0.2700 -0.9370 0.3200 -0.9370 0.3700 -0.9370 0.4200 -0.9370 0.4700 -0.9370 0.5200 -0.8870 0.5700 -0.8370 0.6200 -0.8370 0.6700 -0.8370 0.7200 -0.8370 0.7700 -0.8370 0.8200 -0.8370 0.8700 -0.7870 0.9235 -0.7880
61.1714 BM_POSE 0.2480 -0.1960 -2.7857
61.9292 BM_POSE 0.1580 -0.2370 -2.5884
67.5639 BM_REPLAN shift_cycle5 0.1490 -0.2430 31 0.1490 -0.2430 0.0990 -0.2430 0.0490 -0.2930 -0.0010 -0.3430 -0.0010 -0.3930 -0.0510 -0.4430 -0.0510 -0.4930 -0.0510 -0.5430 -0.0510 -0.5930 -0.0510 -0.6430 -0.0510 -0.6930 -0.0510 -0.7430 -0.0010 -0.7930 0.0490 -0.8430 0.0990 -0.8930 0.1490 -0.9430 0.1990 -0.9430 0.2490 -0.9430 0.2990 -0.9430 0.3490 -0.9430 0.3990 -0.9430 0.4490 -0.9430 0.4990 -0.9430 0.5490 -0.8930 0.5990 -0.8430 0.6490 -0.8430 0.6990 -0.8430 0.7490 -0.8430 0.7990 -0.8430 0.8490 -0.7930 0.9235 -0.7880
68.2996 BM_POSE 0.0890 -0.2840 -2.4031
73.7713 BM_REPLAN shift_cycle6 0.0850 -0.2880 29 0.0850 -0.2880 0.0350 -0.3380 -0.0150 -0.3880 -0.0650 -0.4380 -0.0650 -0.4880 -0.0650 -0.5380 -0.0650 -0.5880 -0.0650 -0.6380 -0.0650 -0.6880 -0.0150 -0.7380 -0.0150 -0.7880 0.0350 -0.8380 0.0850 -0.8880 0.1350 -0.8880 0.1850 -0.9380 0.2350 -0.9380 0.2850 -0.9380 0.3350 -0.9380 0.3850 -0.9380 0.4350 -0.9380 0.4850 -0.9380 0.5350 -0.8880 0.5850 -0.8380 0.6350 -0.8380 0.6850 -0.8380 0.7350 -0.8380 0.7850 -0.8380 0.8350 -0.7880 0.9235 -0.7880
74.6109 BM_POSE 0.0140 -0.3610 -2.3090
79.7587 BM_REPLAN shift_cycle7 0.0090 -0.3660 28 0.0090 -0.3660 -0.0410 -0.4160 -0.0410 -0.4660 -0.0910 -0.5160 -0.1410 -0.5660 -0.0910 -0.6160 -0.0410 -0.6660 -0.0410 -0.7160 0.0090 -0.7660 0.0090 -0.8160 0.0590 -0.8660 0.1090 -0.9160 0.1590 -0.9160 0.2090 -0.9660 0.2590 -0.9660 0.3090 -0.9660 0.3590 -0.9660 0.4090 -0.9660 0.4590 -0.9660 0.5090 -0.9160 0.5590 -0.8660 0.6090 -0.8160 0.6590 -0.7660 0.7090 -0.7660 0.7590 -0.7660 0.8090 -0.7660 0.8590 -0.7660 0.9235 -0.7880
80.9310 BM_POSE -0.0640 -0.4720 -2.1386
86.0419 BM_REPLAN shift_cycle8 -0.0670 -0.4760 25 -0.0670 -0.4760 -0.1170 -0.5260 -0.0670 -0.5760 -0.1170 -0.6260 -0.0670 -0.6760 -0.0170 -0.7260 -0.0170 -0.7760 0.0330 -0.8260 0.0830 -0.8760 0.1330 -0.9260 0.1830 -0.9260 0.2330 -0.9260 0.2830 -0.9760 0.3330 -0.9760 0.3830 -0.9760 0.4330 -0.9760 0.4830 -0.9260 0.5330 -0.8760 0.5830 -0.8260 0.6330 -0.7760 0.6830 -0.7760 0.7330 -0.7760 0.7830 -0.7760 0.8330 -0.7760 0.9235 -0.7880
86.5548 BM_POSE -0.0830 -0.5150 -1.7919
91.9069 BM_REPLAN shift_cycle9 -0.0840 -0.5220 25 -0.0840 -0.5220 -0.1340 -0.5720 -0.0840 -0.6220 -0.0340 -0.6720 -0.0340 -0.7220 -0.0340 -0.7720 0.0160 -0.8220 0.0660 -0.8720 0.1160 -0.9220 0.1660 -0.9220 0.2160 -0.9220 0.2660 -0.9720 0.3160 -0.9720 0.3660 -0.9720 0.4160 -0.9720 0.4660 -0.9720 0.5160 -0.9220 0.5660 -0.8720 0.6160 -0.8220 0.6660 -0.7720 0.7160 -0.7720 0.7660 -0.7720 0.8160 -0.7720 0.8660 -0.7720 0.9235 -0.7880
92.4214 BM_POSE -0.0760 -0.5670 -1.2943
97.3736 BM_STATE FAILED
97.3746 BM_DONE 0 97.3699
