# final_ball_mission debug log
# created 2026-04-17T17:24:52.652553
# elapsed_s  EVENT  fields...
#
# BM_START        x0 y0 heading
# BM_STATE        state_name
# BM_POSE         x y heading
# BM_BALL_DET     color cx cy r_px x_r y_r wx wy det_count
# BM_ARUCO        marker_id x_r y_r fnx fny rx ry hdg
# BM_POSE_CORRECT old_rx old_ry new_rx new_ry heading
# BM_PATH         n x1 y1 x2 y2 ...
# BM_REPLAN       reason eff_sx eff_sy n x1 y1 ...
# BM_PICKUP       color elapsed_s
# BM_DELIVER      color quadrant
# BM_DONE         1|0 elapsed_s
# BM_FRAME        filename label
#
0.0008 BM_START 0.0000 0.0000 0.0000
0.0013 BM_STATE SCAN
4.6118 BM_BALL_DET R 780.0000 286.0000 15.5000 0.9976 -0.5798 0.9976 -0.5798 1
7.7418 BM_BALL_DET B 679.0000 283.0000 15.5000 0.9987 -0.4337 0.9987 -0.4337 1
7.9045 BM_ARUCO 12 1.1424 0.5022 -0.4777 -0.8785 0.0000 0.0000 0.0000
7.9077 BM_ARUCO 13 1.1669 0.2668 -0.8391 0.5440 0.0000 0.0000 0.0000
7.9085 BM_POSE 0.0000 0.0000 0.0000
7.9115 BM_STATE NAVIGATE_TO_FIRST_BALL
7.9206 BM_PATH 12 0.0000 0.0000 0.1000 0.0000 0.2000 0.0000 0.3000 0.0000 0.4000 0.0000 0.5000 0.0000 0.6000 0.0000 0.7000 0.0000 0.8000 0.0000 0.9000 0.0000 1.0000 0.0000 0.9987 -0.0337
8.2338 BM_ARUCO 12 1.1299 0.4967 -0.4656 -0.8850 0.0370 0.0000 0.0045
8.2367 BM_ARUCO 13 1.1680 0.2671 -0.8404 0.5420 0.0370 0.0000 0.0045
8.4906 BM_POSE 0.0750 0.0000 0.0045
9.0474 BM_ARUCO 12 1.0955 0.4921 -0.4544 -0.8908 0.0840 0.0000 0.0045
9.0535 BM_ARUCO 13 1.1187 0.2583 -0.8304 0.5572 0.0840 0.0000 0.0045
9.2621 BM_ARUCO 12 1.0716 0.4945 -0.4513 -0.8924 0.0860 0.0000 0.0075
9.2678 BM_ARUCO 13 1.1082 0.2637 -0.8396 0.5432 0.0860 0.0000 0.0075
9.2721 BM_ARUCO 17 1.8119 -0.5165 -0.0717 0.9974 0.0860 0.0000 0.0075
9.5559 BM_ARUCO 12 1.0555 0.4985 -0.4452 -0.8954 0.0860 0.0000 0.0075
9.6129 BM_ARUCO 13 1.0820 0.2655 -0.8366 0.5478 0.0860 0.0000 0.0075
10.1839 BM_ARUCO 12 1.0555 0.4985 -0.4452 -0.8954 0.0860 0.0000 0.0075
10.1881 BM_ARUCO 13 1.0820 0.2655 -0.8366 0.5478 0.0860 0.0000 0.0075
10.6403 BM_ARUCO 12 1.0555 0.4985 -0.4452 -0.8954 0.0860 0.0000 0.0075
10.6463 BM_ARUCO 13 1.0820 0.2655 -0.8366 0.5478 0.0860 0.0000 0.0075
11.0015 BM_ARUCO 12 1.0623 0.5018 -0.4533 -0.8913 0.0860 0.0000 0.0075
11.0030 BM_ARUCO 13 1.0820 0.2655 -0.8366 0.5478 0.0860 0.0000 0.0075
11.5423 BM_ARUCO 12 1.0623 0.5018 -0.4533 -0.8913 0.0860 0.0000 0.0075
11.5462 BM_ARUCO 13 1.0820 0.2655 -0.8366 0.5478 0.0860 0.0000 0.0075
12.1600 BM_ARUCO 12 1.0623 0.5018 -0.4533 -0.8913 0.0860 0.0000 0.0075
12.1678 BM_ARUCO 13 1.0820 0.2655 -0.8366 0.5478 0.0860 0.0000 0.0075
12.7037 BM_ARUCO 12 1.0555 0.4985 -0.4452 -0.8954 0.0860 0.0000 0.0075
12.7185 BM_ARUCO 13 1.0820 0.2655 -0.8366 0.5478 0.0860 0.0000 0.0075
13.0790 BM_ARUCO 12 1.0555 0.4985 -0.4452 -0.8954 0.0950 0.0000 0.0075
13.0845 BM_ARUCO 13 1.0820 0.2655 -0.8366 0.5478 0.0950 0.0000 0.0075
13.3729 BM_ARUCO 12 1.0433 0.4859 -0.4532 -0.8914 0.1420 0.0010 0.0045
13.3764 BM_ARUCO 13 1.0614 0.2507 -0.8235 0.5674 0.1420 0.0010 0.0045
13.6200 BM_POSE 0.1790 0.0010 -0.0075
13.6913 BM_ARUCO 12 0.9986 0.4925 -0.4267 -0.9044 0.1870 0.0010 -0.0105
13.6937 BM_ARUCO 13 1.0208 0.2592 -0.8284 0.5602 0.1870 0.0010 -0.0105
13.9475 BM_ARUCO 12 0.9572 0.5011 -0.4186 -0.9082 0.1880 0.0010 -0.0090
13.9504 BM_ARUCO 13 0.9836 0.2712 -0.8282 0.5605 0.1880 0.0010 -0.0090
14.1879 BM_ARUCO 12 0.9600 0.5004 -0.4265 -0.9045 0.1880 0.0010 -0.0105
14.1910 BM_ARUCO 13 0.9747 0.2657 -0.8324 0.5542 0.1880 0.0010 -0.0105
14.5860 BM_ARUCO 12 0.9640 0.5007 -0.4332 -0.9013 0.1880 0.0010 -0.0105
14.5973 BM_ARUCO 13 0.9744 0.2653 -0.8271 0.5620 0.1880 0.0010 -0.0105
15.1706 BM_ARUCO 12 0.9640 0.5007 -0.4332 -0.9013 0.1880 0.0010 -0.0105
15.1770 BM_ARUCO 13 0.9742 0.2645 -0.8270 0.5622 0.1880 0.0010 -0.0105
15.6427 BM_ARUCO 12 0.9640 0.5007 -0.4332 -0.9013 0.1880 0.0010 -0.0105
15.6527 BM_ARUCO 13 0.9742 0.2645 -0.8270 0.5622 0.1880 0.0010 -0.0105
16.1914 BM_ARUCO 12 0.9640 0.5007 -0.4332 -0.9013 0.1880 0.0010 -0.0105
16.2012 BM_ARUCO 13 0.9742 0.2645 -0.8270 0.5622 0.1880 0.0010 -0.0105
16.6951 BM_ARUCO 12 0.9640 0.5007 -0.4332 -0.9013 0.1880 0.0010 -0.0105
16.7090 BM_ARUCO 13 0.9746 0.2650 -0.8327 0.5537 0.1880 0.0010 -0.0105
17.1427 BM_ARUCO 12 0.9640 0.5007 -0.4332 -0.9013 0.1880 0.0010 -0.0105
17.1474 BM_ARUCO 13 0.9815 0.2669 -0.8363 0.5483 0.1880 0.0010 -0.0105
17.5343 BM_ARUCO 12 0.9640 0.5007 -0.4332 -0.9013 0.1880 0.0010 -0.0105
17.5389 BM_ARUCO 13 0.9742 0.2645 -0.8270 0.5622 0.1880 0.0010 -0.0105
17.8079 BM_ARUCO 12 0.9640 0.5007 -0.4332 -0.9013 0.1910 0.0010 -0.0090
17.8191 BM_ARUCO 13 0.9742 0.2645 -0.8270 0.5622 0.1910 0.0010 -0.0090
18.0959 BM_ARUCO 12 0.9521 0.4942 -0.4112 -0.9115 0.2300 0.0010 0.0045
18.0989 BM_ARUCO 13 0.9801 0.2646 -0.8294 0.5587 0.2300 0.0010 0.0045
18.3844 BM_ARUCO 12 0.9203 0.4941 -0.4220 -0.9066 0.2720 0.0010 0.0015
18.3871 BM_ARUCO 13 0.9313 0.2593 -0.8237 0.5671 0.2720 0.0010 0.0015
18.4187 BM_POSE 0.2780 0.0010 -0.0000
18.6591 BM_ARUCO 13 0.8980 0.2613 -0.8296 0.5584 0.2890 0.0010 -0.0000
18.7953 BM_ARUCO 13 0.8879 0.2619 -0.8294 0.5587 0.2890 0.0010 -0.0000
19.0733 BM_ARUCO 13 0.8815 0.2593 -0.8226 0.5687 0.2890 0.0010 -0.0000
19.4657 BM_ARUCO 13 0.8866 0.2614 -0.8340 0.5517 0.2890 0.0010 -0.0000
19.8620 BM_ARUCO 13 0.8866 0.2614 -0.8340 0.5517 0.2890 0.0010 -0.0000
20.2754 BM_ARUCO 13 0.8866 0.2614 -0.8340 0.5517 0.2890 0.0010 -0.0000
20.7406 BM_ARUCO 13 0.8866 0.2614 -0.8340 0.5517 0.2890 0.0010 -0.0000
21.1351 BM_ARUCO 13 0.8866 0.2614 -0.8340 0.5517 0.2890 0.0010 -0.0000
21.6164 BM_ARUCO 13 0.8866 0.2614 -0.8340 0.5517 0.2890 0.0010 -0.0000
22.0437 BM_ARUCO 13 0.8866 0.2614 -0.8340 0.5517 0.2890 0.0010 -0.0000
22.5334 BM_ARUCO 13 0.8866 0.2614 -0.8340 0.5517 0.2890 0.0010 -0.0000
23.0388 BM_ARUCO 13 0.8866 0.2614 -0.8340 0.5517 0.3040 0.0010 -0.0030
23.3240 BM_ARUCO 13 0.8634 0.2600 -0.8237 0.5670 0.3480 0.0010 -0.0045
23.5479 BM_POSE 0.3810 0.0000 -0.0045
23.6180 BM_ARUCO 13 0.8230 0.2640 -0.8251 0.5649 0.3900 0.0000 -0.0015
23.8701 BM_ARUCO 13 0.7885 0.2660 -0.8303 0.5574 0.3930 0.0000 -0.0000
24.0135 BM_ARUCO 13 0.7843 0.2643 -0.8247 0.5656 0.3930 0.0000 -0.0000
24.5550 BM_ARUCO 13 0.7834 0.2617 -0.8238 0.5669 0.3930 0.0000 -0.0000
24.9877 BM_ARUCO 13 0.7834 0.2617 -0.8238 0.5669 0.3930 0.0000 -0.0000
25.3458 BM_ARUCO 13 0.7834 0.2617 -0.8238 0.5669 0.3930 0.0000 -0.0000
25.7563 BM_ARUCO 13 0.7834 0.2617 -0.8238 0.5669 0.3930 0.0000 -0.0000
26.1768 BM_ARUCO 13 0.7834 0.2617 -0.8238 0.5669 0.3930 0.0000 -0.0000
26.6176 BM_ARUCO 13 0.7834 0.2617 -0.8238 0.5669 0.3930 0.0000 -0.0000
27.1318 BM_ARUCO 13 0.7834 0.2617 -0.8238 0.5669 0.3930 0.0000 -0.0000
27.5808 BM_ARUCO 13 0.7834 0.2617 -0.8238 0.5669 0.3930 0.0000 -0.0000
28.0426 BM_ARUCO 13 0.7834 0.2617 -0.8238 0.5669 0.3930 0.0000 -0.0000
28.2120 BM_ARUCO 13 0.7876 0.2620 -0.8259 0.5637 0.4120 0.0000 0.0015
28.3812 BM_ARUCO 13 0.7592 0.2580 -0.8195 0.5730 0.4390 0.0000 0.0045
28.5470 BM_ARUCO 13 0.7338 0.2565 -0.8191 0.5737 0.4630 0.0000 0.0030
28.6428 BM_POSE 0.4770 0.0010 0.0045
28.7133 BM_ARUCO 13 0.7138 0.2612 -0.8218 0.5698 0.4830 0.0010 -0.0060
28.8229 BM_ARUCO 13 0.6994 0.2602 -0.8149 0.5795 0.4850 0.0010 -0.0045
28.9957 BM_ARUCO 13 0.6961 0.2587 -0.8170 0.5767 0.4850 0.0010 -0.0090
29.4094 BM_ARUCO 13 0.6989 0.2606 -0.8218 0.5698 0.4850 0.0010 -0.0075
30.0498 BM_ARUCO 13 0.6959 0.2608 -0.8176 0.5757 0.4850 0.0010 -0.0075
30.5150 BM_ARUCO 13 0.6959 0.2608 -0.8176 0.5757 0.4850 0.0010 -0.0075
30.9730 BM_ARUCO 13 0.6959 0.2608 -0.8176 0.5757 0.4850 0.0010 -0.0075
31.5165 BM_ARUCO 13 0.6959 0.2608 -0.8176 0.5757 0.4850 0.0010 -0.0075
32.0717 BM_ARUCO 13 0.6959 0.2608 -0.8176 0.5757 0.4850 0.0010 -0.0075
32.4736 BM_ARUCO 13 0.6959 0.2608 -0.8176 0.5757 0.4850 0.0010 -0.0075
32.7979 BM_ARUCO 13 0.6959 0.2608 -0.8176 0.5757 0.5140 0.0000 -0.0030
33.0835 BM_ARUCO 13 0.6635 0.2557 -0.8112 0.5847 0.5570 0.0000 -0.0015
33.2756 BM_POSE 0.5860 0.0000 0.0015
33.3789 BM_ARUCO 13 0.6286 0.2578 -0.8116 0.5842 0.5980 0.0000 0.0030
33.6061 BM_ARUCO 13 0.5993 0.2563 -0.8087 0.5882 0.5970 0.0000 0.0015
33.8360 BM_ARUCO 13 0.5927 0.2565 -0.8080 0.5891 0.5970 0.0000 -0.0000
34.2506 BM_ARUCO 13 0.5916 0.2558 -0.8025 0.5967 0.5970 0.0000 -0.0000
34.6718 BM_ARUCO 13 0.5942 0.2574 -0.8094 0.5872 0.5970 0.0000 -0.0000
35.0457 BM_ARUCO 13 0.5942 0.2574 -0.8094 0.5872 0.5970 0.0000 -0.0000
35.5729 BM_ARUCO 13 0.5942 0.2574 -0.8094 0.5872 0.5970 0.0000 -0.0000
36.0259 BM_ARUCO 13 0.5942 0.2574 -0.8094 0.5872 0.5970 0.0000 -0.0000
36.4801 BM_ARUCO 13 0.5942 0.2574 -0.8094 0.5872 0.5970 0.0000 -0.0000
36.8504 BM_ARUCO 13 0.5942 0.2574 -0.8094 0.5872 0.5970 0.0000 -0.0000
37.3857 BM_ARUCO 13 0.5942 0.2574 -0.8094 0.5872 0.5970 0.0000 -0.0000
37.7577 BM_ARUCO 13 0.5942 0.2574 -0.8094 0.5872 0.6230 0.0000 -0.0015
38.0329 BM_ARUCO 13 0.5670 0.2612 -0.8091 0.5876 0.6650 0.0000 -0.0030
38.0943 BM_POSE 0.6740 0.0000 -0.0000
38.3218 BM_ARUCO 13 0.5287 0.2620 -0.8033 0.5956 0.6850 0.0000 -0.0030
38.4532 BM_ARUCO 13 0.5144 0.2617 -0.8021 0.5972 0.6850 0.0000 -0.0000
38.6875 BM_ARUCO 13 0.5147 0.2602 -0.7999 0.6001 0.6850 0.0000 -0.0000
39.1133 BM_ARUCO 13 0.5146 0.2607 -0.8022 0.5970 0.6850 0.0000 -0.0000
39.7245 BM_ARUCO 13 0.5148 0.2609 -0.8003 0.5996 0.6850 0.0000 -0.0000
40.1803 BM_ARUCO 13 0.5148 0.2609 -0.8003 0.5996 0.6850 0.0000 -0.0000
40.6300 BM_ARUCO 13 0.5148 0.2609 -0.8003 0.5996 0.6850 0.0000 -0.0000
40.9915 BM_ARUCO 13 0.5146 0.2607 -0.8022 0.5970 0.6850 0.0000 -0.0000
41.3618 BM_ARUCO 13 0.5146 0.2607 -0.8022 0.5970 0.6850 0.0000 -0.0000
41.7502 BM_ARUCO 13 0.5146 0.2607 -0.8022 0.5970 0.6850 0.0000 -0.0000
41.8515 BM_STATE FAILED
41.8529 BM_DONE 0 41.8516
