# final_ball_mission debug log
# created 2026-04-17T16:56:50.582139
# elapsed_s  EVENT  fields...
#
# BM_START        x0 y0 heading
# BM_STATE        state_name
# BM_POSE         x y heading
# BM_BALL_DET     color cx cy r_px x_r y_r wx wy det_count
# BM_ARUCO        marker_id x_r y_r fnx fny rx ry hdg
# BM_POSE_CORRECT old_rx old_ry new_rx new_ry heading
# BM_PATH         n x1 y1 x2 y2 ...
# BM_REPLAN       reason eff_sx eff_sy n x1 y1 ...
# BM_PICKUP       color elapsed_s
# BM_DELIVER      color quadrant
# BM_DONE         1|0 elapsed_s
# BM_FRAME        filename label
#
0.0010 BM_START 0.0000 0.0000 0.0000
0.0013 BM_STATE SCAN
6.6055 BM_BALL_DET R 530.0000 316.0000 19.5000 0.7859 -0.1585 0.7859 -0.1585 1
10.2393 BM_ARUCO 13 0.8294 0.2667 -0.8207 0.5713 0.0000 0.0000 0.0000
10.2398 BM_POSE 0.0000 0.0000 0.0000
10.2410 BM_STATE NAVIGATE_TO_FIRST_BALL
10.2573 BM_PATH 4 0.0000 0.0000 0.8500 0.1000 1.0500 -0.0500 1.0859 -0.1585
10.3138 BM_BALL_DET R 529.0000 315.0000 19.0000 0.8068 -0.1614 0.7933 -0.1565 2
10.4692 BM_ARUCO 13 0.8232 0.2647 -0.8169 0.5768 0.0200 0.0010 0.0523
10.5306 BM_BALL_DET R 532.0000 316.0000 19.0000 0.8066 -0.1653 0.8090 -0.1432 3
10.5638 BM_FRAME frame_00001.jpg nav_R_c0
10.5640 BM_POSE 0.0360 0.0020 0.0732
10.7385 BM_ARUCO 13 0.8120 0.2500 -0.8073 0.5901 0.0600 0.0040 0.1001
10.7661 BM_BALL_DET R 560.0000 322.0000 20.5000 0.7462 -0.1873 0.8141 -0.1308 4
10.7673 BM_POSE 0.0640 0.0040 0.1076
10.9562 BM_BALL_DET R 585.0000 329.0000 22.0000 0.6938 -0.2027 0.8109 -0.1241 5
10.9906 BM_FRAME frame_00002.jpg nav_R_c0
10.9910 BM_POSE 0.0970 0.0080 0.1255
11.0574 BM_ARUCO 13 0.7739 0.2128 -0.7843 0.6204 0.1060 0.0090 0.1300
11.1811 BM_BALL_DET R 611.0000 338.0000 22.5000 0.6765 -0.2266 0.8142 -0.1234 6
11.2650 BM_POSE 0.1360 0.0130 0.1345
11.3511 BM_ARUCO 13 0.7385 0.1880 -0.7647 0.6444 0.1490 0.0150 0.1345
11.3808 BM_BALL_DET R 628.0000 348.0000 24.0000 0.6322 -0.2296 0.8133 -0.1244 7
11.4173 BM_FRAME frame_00003.jpg nav_R_c0
11.6357 BM_ARUCO 13 0.6907 0.1837 -0.7559 0.6547 0.1900 0.0210 0.1255
11.6361 BM_BALL_DET R 641.0000 357.0000 25.0000 0.6052 -0.2330 0.8152 -0.1274 8
11.6402 BM_POSE 0.1910 0.0210 0.1240
11.8446 BM_BALL_DET R 646.0000 368.0000 27.5000 0.5483 -0.2161 0.8076 -0.1272 9
11.8832 BM_FRAME frame_00004.jpg nav_R_c0
11.8834 BM_POSE 0.2270 0.0250 0.1151
11.9561 BM_ARUCO 13 0.6553 0.1928 -0.7671 0.6415 0.2380 0.0260 0.1121
12.0596 BM_BALL_DET R 656.0000 380.0000 29.5000 0.5092 -0.2094 0.8001 -0.1258 10
12.2525 BM_ARUCO 13 0.6042 0.2011 -0.7708 0.6371 0.2800 0.0310 0.1121
12.2603 BM_BALL_DET R 665.0000 389.0000 30.5000 0.4911 -0.2094 0.7978 -0.1247 11
12.2666 BM_POSE 0.2820 0.0310 0.1136
12.2913 BM_FRAME frame_00005.jpg nav_R_c0
12.5473 BM_FRAME frame_00006.jpg fov_edge_R
12.5490 BM_ARUCO 13 0.5640 0.2050 -0.7719 0.6358 0.3250 0.0360 0.1136
12.7679 BM_POSE 0.3580 0.0400 0.1136
12.8218 BM_ARUCO 13 0.5206 0.2095 -0.7728 0.6346 0.3650 0.0410 0.1136
13.0961 BM_ARUCO 13 0.4837 0.2096 -0.7707 0.6372 0.4060 0.0460 0.1211
13.2682 BM_POSE 0.4320 0.0490 0.1211
13.3741 BM_ARUCO 13 0.4444 0.2086 -0.7616 0.6480 0.4480 0.0510 0.1240
13.5964 BM_ARUCO 13 0.4085 0.2079 -0.7561 0.6545 0.4810 0.0550 0.1225
13.7686 BM_POSE 0.5060 0.0580 0.1225
13.8687 BM_ARUCO 13 0.3805 0.2088 -0.7537 0.6572 0.5200 0.0600 0.1255
14.2690 BM_POSE 0.5800 0.0670 0.1211
14.7696 BM_POSE 0.6550 0.0760 0.1211
15.2702 BM_POSE 0.7230 0.0850 0.1225
16.1307 BM_STATE FAILED
16.1318 BM_DONE 0 16.1306
