# final_ball_mission debug log
# created 2026-04-17T17:50:33.249993
# elapsed_s  EVENT  fields...
#
# BM_START        x0 y0 heading
# BM_STATE        state_name
# BM_POSE         x y heading
# BM_BALL_DET     color cx cy r_px x_r y_r wx wy det_count
# BM_ARUCO        marker_id x_r y_r fnx fny rx ry hdg
# BM_POSE_CORRECT old_rx old_ry new_rx new_ry heading
# BM_PATH         n x1 y1 x2 y2 ...
# BM_REPLAN       reason eff_sx eff_sy n x1 y1 ...
# BM_PICKUP       color elapsed_s
# BM_DELIVER      color quadrant
# BM_DONE         1|0 elapsed_s
# BM_FRAME        filename label
#
0.0016 BM_START 0.0000 0.0000 0.0000
0.0024 BM_STATE SCAN
10.1876 BM_BALL_DET B 741.0000 292.0000 17.0000 0.9080 -0.4784 0.9080 -0.4784 1
10.2881 BM_ARUCO 15 1.7050 -0.7560 -0.7240 0.6898 0.0000 0.0000 0.0000
10.2911 BM_ARUCO 12 1.7694 -0.4196 -0.9948 0.1022 0.0000 0.0000 0.0000
10.2916 BM_POSE 0.0000 0.0000 0.0000
10.2938 BM_STATE NAVIGATE_TO_FIRST_BALL
10.3211 BM_PATH 16 0.0000 0.0000 0.1000 -0.1000 0.2000 -0.2000 0.3000 -0.3000 0.4000 -0.4000 0.5000 -0.5000 0.6000 -0.6000 0.7000 -0.7000 0.8000 -0.8000 0.9000 -0.8000 1.0000 -0.8000 1.1000 -0.8000 1.2000 -0.7000 1.3000 -0.6000 1.3000 -0.5000 1.3080 -0.4784
10.5910 BM_ARUCO 15 1.6873 -0.7505 -0.9990 0.0458 0.0080 -0.0010 -0.3856
10.5949 BM_ARUCO 12 1.7813 -0.4221 -0.9506 0.3104 0.0080 -0.0010 -0.3856
10.8346 BM_POSE 0.0300 -0.0160 -0.6994
11.3420 BM_ARUCO 15 1.6238 0.6757 -0.9998 -0.0213 0.0800 -0.0690 -0.8504
11.4387 BM_POSE 0.0890 -0.0800 -0.8429
11.6312 BM_ARUCO 15 1.5657 0.6941 -0.9999 -0.0100 0.1070 -0.0990 -0.8160
11.9163 BM_ARUCO 15 1.5594 0.6487 -0.9994 -0.0357 0.1360 -0.1290 -0.8085
12.2026 BM_ARUCO 15 1.5239 0.6298 -0.9974 -0.0726 0.1650 -0.1600 -0.8040
12.4098 BM_POSE 0.1870 -0.1820 -0.7996
12.4852 BM_ARUCO 15 1.4865 0.6122 -0.9978 -0.0663 0.1930 -0.1890 -0.8011
12.7612 BM_ARUCO 15 1.4490 0.6084 -0.9952 -0.0982 0.2230 -0.2190 -0.8040
13.0423 BM_ARUCO 15 1.4058 0.6172 -0.9975 -0.0702 0.2520 -0.2490 -0.8040
13.3250 BM_ARUCO 15 1.3632 0.6137 -0.9988 -0.0488 0.2810 -0.2790 -0.7981
13.3621 BM_POSE 0.2850 -0.2840 -0.7981
13.5289 BM_ARUCO 15 1.3285 0.6193 -0.9983 -0.0587 0.3020 -0.3010 -0.7951
13.7906 BM_ARUCO 15 1.2868 0.6120 -0.9999 -0.0159 0.3290 -0.3280 -0.7906
14.0693 BM_ARUCO 15 1.2605 0.6176 -0.9994 -0.0342 0.3580 -0.3580 -0.7921
14.3158 BM_POSE 0.3840 -0.3840 -0.7861
14.3507 BM_ARUCO 15 1.2375 0.6215 -0.9981 -0.0616 0.3870 -0.3870 -0.7861
14.6139 BM_ARUCO 15 1.1913 0.6163 -0.9986 -0.0527 0.4150 -0.4150 -0.7846
14.8843 BM_ARUCO 15 1.1657 0.6129 -0.5946 -0.8040 0.4430 -0.4440 -0.7846
15.1713 BM_ARUCO 15 1.1138 0.6087 -0.9996 -0.0294 0.4740 -0.4740 -0.7846
15.2707 BM_POSE 0.4850 -0.4850 -0.7861
16.2291 BM_POSE 0.5860 -0.5860 -0.7861
17.1421 BM_POSE 0.6820 -0.6820 -0.7831
17.6445 BM_POSE 0.7250 -0.7230 -0.6994
18.2611 BM_POSE 0.7870 -0.7570 -0.3587
18.4921 BM_ARUCO 15 0.8279 0.2482 -0.9982 0.0607 0.8130 -0.7660 -0.3004
18.7366 BM_ARUCO 14 0.6927 0.3750 -0.0530 -0.9986 0.8440 -0.7740 -0.2182
18.7422 BM_ARUCO 15 0.8096 0.1828 -0.9921 0.1252 0.8440 -0.7740 -0.2182
18.9558 BM_POSE 0.8760 -0.7800 -0.1659
18.9779 BM_ARUCO 14 0.6797 0.3154 -0.1506 -0.9886 0.8780 -0.7810 -0.1614
18.9829 BM_ARUCO 15 0.7918 0.1133 -0.9713 0.2378 0.8780 -0.7810 -0.1614
19.2359 BM_ARUCO 14 0.6461 0.2803 -0.1955 -0.9807 0.9130 -0.7860 -0.1360
19.2384 BM_ARUCO 15 0.7511 0.0758 -0.9549 0.2970 0.9130 -0.7860 -0.1360
19.4997 BM_ARUCO 14 0.6225 0.2646 -0.2234 -0.9747 0.9500 -0.7900 -0.0897
19.5036 BM_ARUCO 15 0.7249 0.0570 -0.9481 0.3180 0.9500 -0.7900 -0.0897
19.6912 BM_POSE 0.9730 -0.7920 -0.0553
19.7554 BM_ARUCO 14 0.5995 0.2428 -0.2754 -0.9613 0.9780 -0.7920 -0.0403
19.7585 BM_ARUCO 15 0.6966 0.0293 -0.9406 0.3395 0.9780 -0.7920 -0.0403
20.0022 BM_ARUCO 14 0.5777 0.2157 -0.3228 -0.9465 0.9990 -0.7920 0.0882
20.0051 BM_ARUCO 15 0.6665 -0.0007 -0.9197 0.3926 0.9990 -0.7920 0.0882
20.2662 BM_ARUCO 15 0.6463 -0.0879 -0.8666 0.4991 1.0270 -0.7860 0.3243
20.2685 BM_ARUCO 14 0.5813 0.1397 -0.4632 -0.8863 1.0270 -0.7860 0.3243
20.5422 BM_POSE 1.0560 -0.7740 0.4424
20.6610 BM_ARUCO 15 0.5523 -0.2836 -0.5563 0.8310 1.0750 -0.7650 0.4648
20.6638 BM_ARUCO 14 0.5467 -0.0471 -0.7231 -0.6907 1.0750 -0.7650 0.4648
20.9156 BM_ARUCO 14 0.5100 -0.0690 -0.7555 -0.6551 1.1060 -0.7480 0.5081
21.1694 BM_ARUCO 14 0.4729 -0.0870 -0.7745 -0.6326 1.1320 -0.7320 0.5709
21.4294 BM_ARUCO 14 0.4393 -0.1089 -0.8057 -0.5923 1.1620 -0.7120 0.6411
21.4992 BM_POSE 1.1700 -0.7060 0.6561
21.6805 BM_ARUCO 14 0.3953 -0.1364 -0.8327 -0.5538 1.1890 -0.6900 0.6860
21.9449 BM_ARUCO 14 0.3596 -0.1586 -0.8589 -0.5121 1.2090 -0.6740 0.7577
21.9997 BM_POSE 1.2120 -0.6700 0.7757
22.6710 BM_POSE 1.2540 -0.6060 1.1448
23.3000 BM_POSE 1.2910 -0.5200 1.1747
28.9239 BM_POSE 1.2920 -0.5170 2.8246
29.1895 BM_POSE 1.2400 -0.5030 2.9217
29.4766 BM_POSE 1.1650 -0.4890 3.0188
29.7636 BM_POSE 1.1100 -0.4860 -3.1179
30.0575 BM_POSE 1.0470 -0.4920 -2.9894
30.3590 BM_POSE 0.9880 -0.5040 -2.8639
30.5655 BM_POSE 0.9660 -0.5110 -2.8071
30.8545 BM_POSE 0.9090 -0.5350 -2.6875
31.1479 BM_POSE 0.8520 -0.5670 -2.5620
31.2011 BM_STATE FAILED
31.2021 BM_DONE 0 31.1997
