# final_ball_mission debug log
# created 2026-04-17T16:43:45.581292
# elapsed_s  EVENT  fields...
#
# BM_START        x0 y0 heading
# BM_STATE        state_name
# BM_POSE         x y heading
# BM_BALL_DET     color cx cy r_px x_r y_r wx wy det_count
# BM_ARUCO        marker_id x_r y_r fnx fny rx ry hdg
# BM_POSE_CORRECT old_rx old_ry new_rx new_ry heading
# BM_PATH         n x1 y1 x2 y2 ...
# BM_REPLAN       reason eff_sx eff_sy n x1 y1 ...
# BM_PICKUP       color elapsed_s
# BM_DELIVER      color quadrant
# BM_DONE         1|0 elapsed_s
# BM_FRAME        filename label
#
0.0043 BM_START 0.0000 0.0000 0.0000
0.0053 BM_STATE SCAN
6.3904 BM_BALL_DET R 146.0000 327.0000 21.0000 0.7273 0.3048 0.7273 0.3048 1
10.0614 BM_ARUCO 15 1.0173 -0.3909 -0.9994 0.0351 0.0000 0.0000 0.0000
10.0652 BM_ARUCO 14 0.9638 -0.1560 -0.5302 -0.8479 0.0000 0.0000 0.0000
10.0670 BM_POSE 0.0000 0.0000 0.0000
10.0698 BM_STATE NAVIGATE_TO_FIRST_BALL
10.1172 BM_PATH 5 0.0000 0.0000 0.6500 0.5500 0.8000 0.5500 1.0000 0.4000 1.0273 0.3048
10.2890 BM_FRAME frame_00001.jpg fov_edge_R
10.3806 BM_ARUCO 15 1.0188 -0.3901 -0.7667 0.6420 0.0120 0.0020 0.3676
10.3833 BM_ARUCO 14 0.9554 -0.1546 -0.5266 -0.8501 0.0120 0.0020 0.3676
10.6258 BM_POSE 0.0350 0.0160 0.6382
11.1261 BM_POSE 0.0920 0.0630 0.7159
11.6267 BM_POSE 0.1480 0.1120 0.7144
12.1294 BM_POSE 0.2040 0.1610 0.7129
12.6298 BM_POSE 0.2600 0.2090 0.7159
13.1302 BM_POSE 0.3170 0.2580 0.7159
13.6306 BM_POSE 0.3730 0.3070 0.7189
14.1309 BM_POSE 0.4290 0.3570 0.7189
14.6314 BM_POSE 0.4860 0.4060 0.7204
15.1318 BM_POSE 0.5420 0.4550 0.7174
16.0759 BM_POSE 0.6350 0.5080 0.2585
16.5767 BM_POSE 0.6910 0.5210 0.1808
17.2352 BM_POSE 0.7590 0.5110 -0.3826
17.5179 BM_ARUCO 12 0.6079 -0.3130 -0.9987 -0.0500 0.7970 0.4940 -0.4259
17.7363 BM_POSE 0.8280 0.4800 -0.4349
17.7750 BM_ARUCO 12 0.5733 -0.2906 -0.9973 -0.0729 0.8330 0.4780 -0.4379
18.0286 BM_ARUCO 12 0.5443 -0.2862 -0.9973 -0.0729 0.8670 0.4620 -0.4364
18.2366 BM_POSE 0.8890 0.4520 -0.4558
18.7377 BM_ARUCO 12 0.4896 -0.2112 -0.9867 -0.1623 0.9270 0.4260 -0.7338
18.9639 BM_ARUCO 12 0.4785 -0.1304 -0.9706 -0.2406 0.9470 0.4060 -0.8668
19.0839 BM_POSE 0.9570 0.3920 -0.8877
19.1931 BM_ARUCO 12 0.4641 -0.0639 -0.9245 -0.3812 0.9670 0.3800 -0.8907
19.4386 BM_ARUCO 12 0.4324 -0.0557 -0.9223 -0.3865 0.9910 0.3500 -0.9102
19.5863 BM_POSE 1.0010 0.3380 -0.8922
19.6692 BM_ARUCO 12 0.3969 -0.0478 -0.9149 -0.4036 1.0000 0.3390 -0.8848
25.4470 BM_POSE 1.0010 0.3390 -2.8515
25.7348 BM_POSE 0.9950 0.3370 -2.9381
26.0331 BM_POSE 0.9860 0.3360 -3.0622
26.3263 BM_POSE 0.9800 0.3360 3.0835
26.6241 BM_POSE 0.9750 0.3360 3.0073
26.9332 BM_POSE 0.9730 0.3370 2.9924
27.2114 BM_POSE 0.9690 0.3370 3.0238
27.4767 BM_POSE 0.9690 0.3370 3.0267
27.7692 BM_POSE 0.9660 0.3370 3.0327
27.9706 BM_POSE 0.9640 0.3380 3.0163
28.2559 BM_POSE 0.9600 0.3380 3.0193
28.4632 BM_POSE 0.9580 0.3380 3.0282
28.7631 BM_POSE 0.9560 0.3390 3.0282
29.0579 BM_POSE 0.9550 0.3390 3.0193
29.1554 BM_POSE 0.9550 0.3390 3.0223
29.1557 BM_STATE WAIT_FIRST_PICKUP
32.8111 BM_BALL_DET R 406.0000 510.0000 51.0000 0.2824 0.0000 0.7118 0.3252 2
32.8118 BM_POSE 0.9560 0.3390 3.0223
36.1400 BM_BALL_DET R 406.0000 511.0000 51.0000 0.2823 0.0000 0.7010 0.3394 3
36.1402 BM_POSE 0.9560 0.3390 3.0223
39.3999 BM_PICKUP R 39.3946
39.4011 BM_STATE DELIVER_FIRST
39.4385 BM_PATH 4 0.9560 0.3390 1.1560 0.3890 1.3560 0.2890 1.4244 0.1228
39.9473 BM_POSE 0.9560 0.3380 2.1689
40.4491 BM_POSE 0.9560 0.3380 1.2229
40.9496 BM_POSE 0.9570 0.3390 0.3800
41.4505 BM_POSE 0.9640 0.3410 0.2948
41.9509 BM_POSE 1.0350 0.3600 0.2141
42.7478 BM_POSE 1.1210 0.3580 -0.2656
43.2492 BM_POSE 1.1930 0.3370 -0.2896
43.7496 BM_POSE 1.2460 0.3200 -0.3583
44.4289 BM_POSE 1.3050 0.2760 -0.8754
44.9295 BM_POSE 1.3510 0.2170 -0.9128
45.4311 BM_POSE 1.3960 0.1600 -0.9083
46.5362 BM_DELIVER R A
46.5364 BM_STATE NAVIGATE_TO_SECOND_BALL
46.8378 BM_STATE RETURN_TO_START
47.2545 BM_PATH 5 1.4119 0.1620 1.3619 0.3120 1.1119 0.4120 0.1119 -0.1380 0.0281 -0.1264
49.6822 BM_POSE 1.3800 0.2190 1.9866
50.6722 BM_POSE 1.2890 0.2950 2.5604
50.6730 BM_STATE FAILED
50.6765 BM_DONE 0 50.6712
