# final_ball_mission debug log
# created 2026-04-17T16:37:20.684094
# elapsed_s  EVENT  fields...
#
# BM_START        x0 y0 heading
# BM_STATE        state_name
# BM_POSE         x y heading
# BM_BALL_DET     color cx cy r_px x_r y_r wx wy det_count
# BM_ARUCO        marker_id x_r y_r fnx fny rx ry hdg
# BM_POSE_CORRECT old_rx old_ry new_rx new_ry heading
# BM_PATH         n x1 y1 x2 y2 ...
# BM_REPLAN       reason eff_sx eff_sy n x1 y1 ...
# BM_PICKUP       color elapsed_s
# BM_DELIVER      color quadrant
# BM_DONE         1|0 elapsed_s
# BM_FRAME        filename label
#
0.0014 BM_START 0.0000 0.0000 0.0000
0.0019 BM_STATE SCAN
6.2011 BM_BALL_DET R 576.0000 353.0000 25.0000 0.6059 -0.1694 0.6059 -0.1694 1
9.9270 BM_ARUCO 13 1.0483 0.0632 -0.9531 0.3027 0.0000 0.0000 0.0000
9.9300 BM_ARUCO 12 0.9505 0.2709 -0.2474 -0.9689 0.0000 0.0000 0.0000
9.9310 BM_POSE 0.0000 0.0000 0.0000
9.9334 BM_STATE NAVIGATE_TO_FIRST_BALL
9.9640 BM_PATH 5 0.0000 0.0000 0.5000 -0.4000 0.7000 -0.4000 0.9000 -0.2500 0.9059 -0.1694
10.0988 BM_BALL_DET R 575.0000 352.0000 24.0000 0.6314 -0.1755 0.6066 -0.1948 2
10.2502 BM_ARUCO 13 1.0582 0.0642 -0.9532 0.3022 0.0130 -0.0030 -0.4065
10.2527 BM_ARUCO 12 0.9423 0.2689 -0.2508 -0.9681 0.0130 -0.0030 -0.4065
10.2940 BM_BALL_DET R 457.0000 346.0000 23.0000 0.6601 -0.0551 0.5973 -0.2447 3
10.3275 BM_FRAME frame_00001.jpg nav_R_c0
10.3277 BM_POSE 0.0210 -0.0070 -0.5246
10.5553 BM_BALL_DET R 246.0000 352.0000 25.0000 0.6061 0.1593 0.6039 -0.2517 4
10.5570 BM_POSE 0.0430 -0.0220 -0.6621
10.8683 BM_REPLAN shift_cycle1 0.0490 -0.0270 2 0.0490 -0.0270 0.3441 -0.1017
11.0170 BM_FRAME frame_00002.jpg fov_edge_R
11.3765 BM_POSE 0.0960 -0.0470 -0.2511
11.6688 BM_ARUCO 13 0.9181 0.3241 -0.9978 0.0660 0.1370 -0.0570 -0.2167
11.8792 BM_POSE 0.1680 -0.0640 -0.2107
11.9619 BM_ARUCO 13 0.8849 0.3076 -0.9951 0.0988 0.1800 -0.0660 -0.2122
12.2264 BM_ARUCO 13 0.8406 0.3056 -0.9917 0.1288 0.2190 -0.0750 -0.2152
12.3810 BM_POSE 0.2410 -0.0800 -0.2197
12.4993 BM_ARUCO 13 0.8001 0.3088 -0.9894 0.1455 0.2580 -0.0830 -0.2182
12.7709 BM_ARUCO 13 0.7631 0.3072 -0.9888 0.1491 0.2970 -0.0920 -0.2167
12.9550 BM_ARUCO 13 0.7274 0.3095 -0.9871 0.1600 0.3060 -0.0940 -0.2137
16.9304 BM_POSE 0.3070 -0.0940 -0.4498
17.1308 BM_POSE 0.3100 -0.0960 -0.4020
17.4258 BM_POSE 0.3120 -0.0960 -0.2705
17.6268 BM_POSE 0.3150 -0.0970 -0.2242
17.6271 BM_STATE WAIT_FIRST_PICKUP
18.3209 BM_ARUCO 13 0.7075 0.3270 -0.9872 0.1598 0.3160 -0.0970 -0.2242
21.2977 BM_BALL_DET R 408.0000 516.0000 46.5000 0.3091 -0.0011 0.6079 -0.2262 5
21.2987 BM_POSE 0.3160 -0.0970 -0.2242
21.5846 BM_ARUCO 13 0.7075 0.3270 -0.9872 0.1598 0.3160 -0.0970 -0.2242
24.5950 BM_BALL_DET R 408.0000 524.0000 53.5000 0.2679 -0.0009 0.5986 -0.2056 6
24.5957 BM_POSE 0.3160 -0.0970 -0.2242
24.8946 BM_ARUCO 13 0.7036 0.3258 -0.9830 0.1839 0.3160 -0.0970 -0.2242
27.9244 BM_BALL_DET R 408.0000 524.0000 53.5000 0.2679 -0.0009 0.5921 -0.1912 7
27.9246 BM_POSE 0.3160 -0.0970 -0.2242
28.2363 BM_ARUCO 13 0.7067 0.3272 -0.9840 0.1780 0.3160 -0.0970 -0.2242
31.3093 BM_PICKUP R 31.3075
31.3101 BM_STATE DELIVER_FIRST
31.3466 BM_PATH 4 0.3160 -0.0970 0.7660 0.4530 0.8660 0.5030 0.9985 0.4650
31.5513 BM_ARUCO 13 0.7036 0.3258 -0.9830 0.1839 0.3170 -0.0970 0.0478
31.8539 BM_POSE 0.3160 -0.0980 0.6172
32.2317 BM_ARUCO 12 0.7161 -0.2031 -0.8540 -0.5203 0.3160 -0.0980 0.8070
32.3552 BM_POSE 0.3210 -0.0920 0.8235
32.5069 BM_ARUCO 12 0.7084 -0.2194 -0.8650 -0.5018 0.3310 -0.0810 0.8534
32.6668 BM_REPLAN deliver_R_c1 0.3310 -0.0810 4 0.3310 -0.0810 0.6810 0.4690 0.7810 0.5690 0.9490 0.5446
32.8505 BM_ARUCO 12 0.6884 -0.2432 -0.8765 -0.4814 0.3390 -0.0710 0.9266
33.1728 BM_POSE 0.3660 -0.0300 1.0148
33.6734 BM_POSE 0.4060 0.0330 1.0088
34.1737 BM_POSE 0.4450 0.0950 0.9998
34.6765 BM_POSE 0.4860 0.1580 1.0058
35.1803 BM_POSE 0.5260 0.2210 1.0118
35.6830 BM_POSE 0.5650 0.2840 1.0103
36.1836 BM_POSE 0.6050 0.3470 1.0088
37.0325 BM_POSE 0.6730 0.4430 0.8593
37.5337 BM_POSE 0.7090 0.4820 0.7712
38.1953 BM_POSE 0.7710 0.5120 0.2242
38.6970 BM_POSE 0.8440 0.5260 0.1764
39.1977 BM_POSE 0.9110 0.5380 0.1793
40.3457 BM_DELIVER R A
40.3467 BM_STATE NAVIGATE_TO_SECOND_BALL
40.6487 BM_STATE RETURN_TO_START
40.9856 BM_PATH 3 0.9120 0.5380 0.7120 0.5380 0.0000 0.0000
43.6460 BM_POSE 0.8110 0.5380 -3.0132
46.2950 BM_POSE 0.4950 0.3380 -2.5305
46.2953 BM_STATE DONE
46.2967 BM_DONE 1 46.2948
