# final_ball_mission debug log
# created 2026-04-17T17:52:22.238204
# elapsed_s  EVENT  fields...
#
# BM_START        x0 y0 heading
# BM_STATE        state_name
# BM_POSE         x y heading
# BM_BALL_DET     color cx cy r_px x_r y_r wx wy det_count
# BM_ARUCO        marker_id x_r y_r fnx fny rx ry hdg
# BM_POSE_CORRECT old_rx old_ry new_rx new_ry heading
# BM_PATH         n x1 y1 x2 y2 ...
# BM_REPLAN       reason eff_sx eff_sy n x1 y1 ...
# BM_PICKUP       color elapsed_s
# BM_DELIVER      color quadrant
# BM_DONE         1|0 elapsed_s
# BM_FRAME        filename label
#
0.0013 BM_START 0.0000 0.0000 0.0000
0.0018 BM_STATE SCAN
10.3808 BM_BALL_DET B 440.0000 285.0000 16.0000 0.9671 -0.0528 0.9671 -0.0528 1
10.4381 BM_ARUCO 12 1.7023 0.3997 -0.9727 -0.2320 0.0000 0.0000 0.0000
10.4401 BM_ARUCO 15 1.7279 0.0525 -0.9904 0.1382 0.0000 0.0000 0.0000
10.4405 BM_POSE 0.0000 0.0000 0.0000
10.4419 BM_STATE NAVIGATE_TO_FIRST_BALL
10.4526 BM_PATH 16 0.0000 0.0000 0.1000 0.0000 0.2000 0.0000 0.3000 0.0000 0.4000 0.0000 0.5000 0.0000 0.6000 0.1000 0.7000 0.2000 0.8000 0.3000 0.9000 0.3000 1.0000 0.4000 1.1000 0.3000 1.2000 0.2000 1.3000 0.1000 1.3000 0.0000 1.2671 -0.0528
10.7120 BM_ARUCO 12 1.7023 0.3997 -0.9727 -0.2320 0.0290 0.0000 0.0194
10.7161 BM_ARUCO 15 1.7266 0.0520 -0.9806 -0.1959 0.0290 0.0000 0.0194
11.0123 BM_ARUCO 12 1.6525 0.3397 -0.9999 0.0126 0.0750 0.0010 0.0030
11.0137 BM_POSE 0.0750 0.0010 0.0030
11.0184 BM_ARUCO 15 1.6852 -0.0041 -0.9629 0.2698 0.0750 0.0010 0.0030
11.2892 BM_ARUCO 12 1.6214 0.3897 -0.9169 -0.3990 0.1140 0.0010 -0.0209
11.2924 BM_ARUCO 15 1.6418 0.0422 -0.9710 -0.2393 0.1140 0.0010 -0.0209
11.5717 BM_ARUCO 12 1.5673 0.4199 -0.9773 -0.2120 0.1560 0.0000 -0.0164
11.5744 BM_ARUCO 15 1.5831 0.0737 -0.9778 0.2094 0.1560 0.0000 -0.0164
11.7204 BM_POSE 0.1790 -0.0000 -0.0194
11.8497 BM_ARUCO 12 1.5300 0.4366 -0.9980 -0.0625 0.1980 -0.0010 -0.0179
11.8532 BM_ARUCO 15 1.5637 0.0892 -0.9645 -0.2642 0.1980 -0.0010 -0.0179
12.1232 BM_ARUCO 12 1.4949 0.4346 -0.9986 -0.0531 0.2380 -0.0010 0.0045
12.1261 BM_ARUCO 15 1.5259 0.0846 -0.9653 -0.2610 0.2380 -0.0010 0.0045
12.3659 BM_POSE 0.2730 -0.0000 0.0149
12.3954 BM_ARUCO 12 1.4458 0.3994 -0.9995 -0.0301 0.2770 -0.0000 0.0135
12.3981 BM_ARUCO 15 1.5012 0.0572 -1.0000 -0.0095 0.2770 -0.0000 0.0135
12.6736 BM_ARUCO 12 1.4252 0.3906 -0.9979 -0.0644 0.3180 0.0000 0.0135
12.6764 BM_ARUCO 15 1.4403 0.0428 -0.9882 0.1531 0.3180 0.0000 0.0135
12.9671 BM_ARUCO 12 1.3785 0.3773 -0.9997 -0.0234 0.3600 0.0010 0.0135
12.9734 BM_ARUCO 15 1.4060 0.0325 -0.9775 0.2108 0.3600 0.0010 0.0135
13.0732 BM_POSE 0.3730 0.0010 0.0209
13.2586 BM_ARUCO 12 1.3322 0.3710 -0.9989 -0.0468 0.3880 0.0020 0.0598
13.2618 BM_ARUCO 15 1.3670 0.0265 -0.9994 0.0339 0.3880 0.0020 0.0598
13.5169 BM_ARUCO 12 1.3469 0.3097 -0.9977 -0.0678 0.4140 0.0050 0.2242
13.9069 BM_ARUCO 15 1.2107 -0.5008 -0.9961 0.0887 0.4600 0.0230 0.4678
13.9078 BM_ARUCO 12 1.3094 -0.1709 -0.9317 0.3632 0.4600 0.0230 0.4678
13.9207 BM_POSE 0.4620 0.0240 0.4723
14.1838 BM_ARUCO 15 1.2015 -0.5405 -0.9912 0.1327 0.4930 0.0410 0.5066
14.1870 BM_ARUCO 12 1.2753 -0.2046 -0.9419 0.3359 0.4930 0.0410 0.5066
14.4634 BM_ARUCO 15 1.1375 -0.5848 -0.9962 0.0872 0.5230 0.0590 0.5679
14.4672 BM_ARUCO 12 1.2267 -0.2578 -0.9130 0.4080 0.5230 0.0590 0.5679
14.7075 BM_ARUCO 12 1.2579 -0.3450 -0.9926 -0.1217 0.5510 0.0780 0.6411
14.8711 BM_POSE 0.5690 0.0920 0.6755
14.9614 BM_ARUCO 12 1.1254 -0.3926 -0.8288 0.5595 0.5790 0.1000 0.6920
15.2251 BM_ARUCO 12 1.0755 -0.4549 -0.9985 0.0538 0.6070 0.1240 0.7233
15.3728 BM_POSE 0.6190 0.1340 0.7009
15.5122 BM_ARUCO 12 1.0360 -0.5054 -0.6389 0.7693 0.6340 0.1470 0.7009
15.9229 BM_POSE 0.6780 0.1870 0.7786
16.4252 BM_POSE 0.7200 0.2250 0.6486
16.5633 BM_STATE FAILED
16.5647 BM_DONE 0 16.5629
