# final_ball_mission debug log
# created 2026-04-17T18:32:54.739048
# elapsed_s  EVENT  fields...
#
# BM_START        x0 y0 heading
# BM_STATE        state_name
# BM_POSE         x y heading
# BM_BALL_DET     color cx cy r_px x_r y_r wx wy det_count
# BM_ARUCO        marker_id x_r y_r fnx fny rx ry hdg
# BM_POSE_CORRECT old_rx old_ry new_rx new_ry heading
# BM_PATH         n x1 y1 x2 y2 ...
# BM_REPLAN       reason eff_sx eff_sy n x1 y1 ...
# BM_PICKUP       color elapsed_s
# BM_DELIVER      color quadrant
# BM_DONE         1|0 elapsed_s
# BM_FRAME        filename label
#
0.0010 BM_START 0.0000 0.0000 0.0000
0.0016 BM_STATE SCAN
6.6491 BM_BALL_DET R 98.0000 291.0000 17.0000 0.9083 0.4412 0.9083 0.4412 1
10.2358 BM_BALL_DET B 310.0000 272.0000 14.5000 1.0714 0.1651 1.0714 0.1651 1
10.3891 BM_ARUCO 12 1.5939 0.4087 -0.9512 -0.3086 0.0000 0.0000 0.0000
10.3923 BM_ARUCO 15 1.6182 0.0625 -0.9943 0.1067 0.0000 0.0000 0.0000
10.3927 BM_POSE 0.0000 0.0000 0.0000
10.3941 BM_STATE NAVIGATE_TO_FIRST_BALL
10.3989 BM_PATH 2 0.0000 0.0000 0.7583 0.7010
10.4553 BM_BALL_DET R 98.0000 289.0000 17.0000 0.9089 0.4411 0.9045 0.4496 2
10.5078 BM_ARUCO 12 1.5942 0.4099 -0.9968 -0.0798 0.0030 0.0000 0.1076
10.5091 BM_ARUCO 15 1.6329 0.0627 -0.9929 -0.1188 0.0030 0.0000 0.1076
10.6436 BM_BALL_DET R 149.0000 286.0000 15.5000 0.9978 0.4083 0.8728 0.5355 3
10.7391 BM_FRAME frame_00001.jpg nav_R_c0
10.7397 BM_POSE 0.0150 0.0050 0.5246
10.9331 BM_BALL_DET R 458.0000 281.0000 15.0000 1.0328 -0.0862 0.8807 0.5512 4
11.1833 BM_REPLAN shift_cycle1 0.0420 0.0240 4 0.0420 0.0240 -0.1080 0.4740 0.3420 0.9240 1.0307 0.8110
11.3068 BM_BALL_DET R 554.0000 288.0000 16.5000 0.9369 -0.2236 0.8733 0.5468 5
11.3078 BM_POSE 0.0410 0.0230 0.7966
11.4365 BM_ARUCO 12 1.4709 -0.6796 -0.6463 0.7630 0.0400 0.0220 1.0746
11.5037 BM_BALL_DET R 654.0000 291.0000 17.0000 0.9084 -0.3609 0.8204 0.6065 6
11.5360 BM_FRAME frame_00002.jpg nav_R_c1
11.5362 BM_POSE 0.0400 0.0220 1.2808
11.8521 BM_REPLAN shift_cycle2 0.0400 0.0220 4 0.0400 0.0220 -0.1100 0.6220 0.1900 0.9220 0.9704 0.8663
11.9912 BM_BALL_DET R 411.0000 168.0000 16.5000 0.9716 -0.0075 0.5474 0.7222 7
11.9916 BM_POSE 0.0390 0.0290 1.7112
12.1656 BM_BALL_DET R 447.0000 168.0000 16.5000 0.9716 -0.0619 0.3475 0.8102 8
12.2108 BM_FRAME frame_00003.jpg nav_R_c2
12.2110 BM_POSE 0.0330 0.0610 1.8009
12.4115 BM_BALL_DET R 492.0000 167.0000 17.5000 0.9164 -0.1224 0.2172 0.8698 9
12.4132 BM_POSE 0.0250 0.0910 1.8248
12.7409 BM_REPLAN shift_cycle3 0.0240 0.0970 2 0.0240 0.0970 -0.0782 0.9218
12.8596 BM_BALL_DET R 492.0000 165.0000 21.5000 0.7463 -0.0996 0.1420 0.8647 10
12.8639 BM_POSE 0.0220 0.1030 1.7770
13.0466 BM_BALL_DET R 477.0000 165.0000 17.0000 0.9439 -0.1040 0.0911 0.9288 11
13.0877 BM_FRAME frame_00004.jpg nav_R_c3
13.0882 BM_POSE 0.0170 0.1360 1.7187
13.2726 BM_BALL_DET R 444.0000 164.0000 16.5000 0.9728 -0.0573 0.0491 0.9908 12
13.6069 BM_REPLAN shift_cycle4 0.0120 0.1700 3 0.0120 0.1700 -0.2880 1.0700 -0.1437 1.2206
13.7333 BM_BALL_DET R 416.0000 163.0000 21.0000 0.7646 -0.0118 0.0033 0.9732 13
13.7345 BM_POSE 0.0110 0.1760 1.7366
13.8643 BM_BALL_DET R 458.0000 166.0000 16.0000 1.0026 -0.0809 -0.0463 1.0372 14
13.8740 BM_FRAME frame_00005.jpg nav_R_c4
14.0922 BM_BALL_DET R 502.0000 166.0000 17.0000 0.9436 -0.1406 -0.0799 1.0759 15
14.0931 BM_POSE -0.0020 0.2250 1.8831
14.4122 BM_REPLAN shift_cycle5 -0.0070 0.2410 3 -0.0070 0.2410 -0.4570 1.1410 -0.2727 1.3057
14.5155 BM_BALL_DET R 550.0000 166.0000 18.5000 0.8670 -0.1934 -0.0925 1.0906 16
14.5163 BM_POSE -0.0080 0.2440 1.9189
14.6969 BM_BALL_DET R 568.0000 166.0000 18.5000 0.8669 -0.2173 -0.1128 1.1082 17
14.7247 BM_FRAME frame_00006.jpg nav_R_c5
14.7249 BM_POSE -0.0190 0.2710 1.9862
14.9234 BM_BALL_DET R 612.0000 165.0000 19.0000 0.8442 -0.2677 -0.1281 1.1269 18
14.9278 BM_POSE -0.0310 0.2960 2.0310
15.2765 BM_REPLAN shift_cycle6 -0.0360 0.3060 3 -0.0360 0.3060 -0.4860 1.2060 -0.3209 1.3567
15.3834 BM_BALL_DET R 645.0000 165.0000 20.0000 0.8018 -0.2936 -0.1300 1.1369 19
15.3881 BM_POSE -0.0390 0.3130 2.0340
15.5762 BM_BALL_DET R 653.0000 166.0000 20.0000 0.8015 -0.3030 -0.1361 1.1532 20
15.6149 BM_FRAME frame_00007.jpg nav_R_c6
15.6156 BM_POSE -0.0560 0.3460 2.0489
15.8154 BM_BALL_DET R 669.0000 165.0000 19.0000 0.8438 -0.3385 -0.1406 1.1905 21
15.8174 BM_POSE -0.0700 0.3720 2.0415
16.0085 BM_BALL_DET R 660.0000 164.0000 18.5000 0.8669 -0.3363 -0.1469 1.2304 22
16.0422 BM_FRAME frame_00008.jpg nav_R_c6
16.0424 BM_POSE -0.0840 0.4020 2.0250
16.2557 BM_BALL_DET R 640.0000 164.0000 24.0000 0.6684 -0.2397 -0.1556 1.2020 23
16.2565 BM_POSE -0.0980 0.4300 2.0250
16.4332 BM_REPLAN shift_cycle7 -0.1030 0.4400 3 -0.1030 0.4400 -0.5530 1.1900 -0.3484 1.4318
16.5554 BM_BALL_DET R 636.0000 164.0000 24.5000 0.6547 -0.2309 -0.1683 1.1813 24
16.5570 BM_POSE -0.1060 0.4450 2.0430
16.7412 BM_BALL_DET R 657.0000 164.0000 24.5000 0.6546 -0.2511 -0.1845 1.1763 25
16.7917 BM_FRAME frame_00009.jpg nav_R_c7
16.7919 BM_POSE -0.1230 0.4780 2.0878
16.9609 BM_BALL_DET R 682.0000 161.0000 25.0000 0.6419 -0.2691 -0.1990 1.1796 26
17.1645 BM_BALL_DET R 679.0000 161.0000 13.0000 1.2345 -0.5122 -0.2483 1.3788 27
17.1757 BM_FRAME frame_00010.jpg nav_R_c7
17.1758 BM_POSE -0.1520 0.5250 2.1237
17.3647 BM_BALL_DET R 695.0000 160.0000 13.5000 1.1889 -0.5202 -0.2798 1.5151 28
17.4448 BM_POSE -0.1730 0.5600 2.1326
17.7389 BM_REPLAN shift_cycle8 -0.1770 0.5660 3 -0.1770 0.5660 -0.6270 1.6160 -0.4298 1.7749
17.8466 BM_BALL_DET R 700.0000 161.0000 14.5000 1.1066 -0.4923 -0.2856 1.5934 29
17.8485 BM_POSE -0.1800 0.5710 2.0863
18.0257 BM_BALL_DET R 667.0000 161.0000 14.0000 1.1465 -0.4558 -0.2861 1.6626 30
18.0551 BM_FRAME frame_00011.jpg nav_R_c8
18.0552 BM_POSE -0.1940 0.5980 2.0191
18.2577 BM_BALL_DET R 640.0000 163.0000 25.0000 0.6418 -0.2301 -0.2745 1.5546 31
18.2581 BM_POSE -0.2050 0.6220 1.9772
18.6259 BM_REPLAN shift_cycle9 -0.2090 0.6320 3 -0.2090 0.6320 -0.6590 1.5320 -0.4245 1.8144
18.7447 BM_BALL_DET R 601.0000 161.0000 25.5000 0.6298 -0.1890 -0.2771 1.4751 32
18.7453 BM_POSE -0.2110 0.6360 1.9727
18.9326 BM_BALL_DET R 610.0000 160.0000 25.5000 0.6299 -0.1975 -0.2871 1.4271 33
18.9693 BM_FRAME frame_00012.jpg nav_R_c9
18.9695 BM_POSE -0.2250 0.6670 2.0116
19.1604 BM_BALL_DET R 632.0000 160.0000 26.0000 0.6177 -0.2139 -0.2963 1.4012 34
19.4697 BM_REPLAN shift_cycle10 -0.2410 0.7000 3 -0.2410 0.7000 -0.6910 1.4500 -0.4891 1.6310
19.5810 BM_BALL_DET R 654.0000 158.0000 25.0000 0.6427 -0.2431 -0.3027 1.3963 35
19.5820 BM_POSE -0.2420 0.7020 2.0430
19.7634 BM_BALL_DET R 664.0000 158.0000 24.5000 0.6557 -0.2575 -0.3175 1.4048 36
19.7913 BM_FRAME frame_00013.jpg nav_R_c10
19.7916 BM_POSE -0.2570 0.7310 2.0893
19.9796 BM_BALL_DET R 694.0000 159.0000 26.5000 0.6059 -0.2641 -0.3292 1.4062 37
20.2125 BM_BALL_DET R 718.0000 160.0000 26.5000 0.6055 -0.2846 -0.3405 1.4186 38
20.2528 BM_FRAME frame_00014.jpg nav_R_c10
20.2530 BM_POSE -0.2930 0.7890 2.1296
20.4722 BM_BALL_DET R 735.0000 157.0000 25.5000 0.6297 -0.3105 -0.3510 1.4475 39
20.4732 BM_POSE -0.3100 0.8170 2.1252
20.7242 BM_STATE FAILED
20.7254 BM_DONE 0 20.7238
